{"/home/travis/build/npmtest/node-npmtest-papaparse/test.js":{"path":"/home/travis/build/npmtest/node-npmtest-papaparse/test.js","s":{"1":2,"2":2,"3":2,"4":2,"5":2,"6":2,"7":2,"8":1,"9":2,"10":2,"11":1,"12":1,"13":1,"14":1,"15":2,"16":2,"17":2,"18":2,"19":1,"20":1,"21":2,"22":2,"23":2,"24":1,"25":1,"26":1,"27":1,"28":1,"29":1,"30":1,"31":1,"32":1,"33":1,"34":1,"35":1,"36":1,"37":1,"38":1,"39":2,"40":2,"41":1,"42":2,"43":2,"44":1,"45":2,"46":2,"47":1,"48":2,"49":2,"50":1,"51":1,"52":1,"53":1,"54":1},"b":{"1":[2,1,1,1],"2":[1,1,1,1],"3":[1,1],"4":[1,1],"5":[1,1],"6":[1,1],"7":[1,1],"8":[1,1],"9":[1,1],"10":[1,1,1],"11":[1,1],"12":[1,1],"13":[1,1],"14":[1,1],"15":[1,1],"16":[1,1],"17":[1,1]},"f":{"1":2,"2":2,"3":2,"4":2,"5":2,"6":1,"7":1,"8":1,"9":2,"10":2,"11":2,"12":2,"13":1},"fnMap":{"1":{"name":"(anonymous_1)","line":12,"loc":{"start":{"line":12,"column":1},"end":{"line":12,"column":13}}},"2":{"name":"(anonymous_2)","line":19,"loc":{"start":{"line":19,"column":5},"end":{"line":19,"column":17}}},"3":{"name":"(anonymous_3)","line":23,"loc":{"start":{"line":23,"column":24},"end":{"line":23,"column":36}}},"4":{"name":"(anonymous_4)","line":61,"loc":{"start":{"line":61,"column":5},"end":{"line":61,"column":17}}},"5":{"name":"(anonymous_5)","line":82,"loc":{"start":{"line":82,"column":5},"end":{"line":82,"column":17}}},"6":{"name":"(anonymous_6)","line":91,"loc":{"start":{"line":91,"column":77},"end":{"line":94,"column":10}}},"7":{"name":"(anonymous_7)","line":112,"loc":{"start":{"line":112,"column":83},"end":{"line":115,"column":10}},"skip":true},"8":{"name":"(anonymous_8)","line":123,"loc":{"start":{"line":123,"column":77},"end":{"line":126,"column":10}},"skip":true},"9":{"name":"(anonymous_9)","line":139,"loc":{"start":{"line":139,"column":12},"end":{"line":139,"column":40}},"skip":true},"10":{"name":"(anonymous_10)","line":147,"loc":{"start":{"line":147,"column":77},"end":{"line":150,"column":10}},"skip":true},"11":{"name":"(anonymous_11)","line":158,"loc":{"start":{"line":158,"column":83},"end":{"line":161,"column":10}},"skip":true},"12":{"name":"(anonymous_12)","line":169,"loc":{"start":{"line":169,"column":79},"end":{"line":172,"column":10}},"skip":true},"13":{"name":"(anonymous_13)","line":180,"loc":{"start":{"line":180,"column":75},"end":{"line":183,"column":10}},"skip":true}},"statementMap":{"1":{"start":{"line":12,"column":0},"end":{"line":195,"column":5}},"2":{"start":{"line":14,"column":4},"end":{"line":14,"column":14}},"3":{"start":{"line":19,"column":4},"end":{"line":56,"column":9}},"4":{"start":{"line":21,"column":8},"end":{"line":21,"column":19}},"5":{"start":{"line":23,"column":8},"end":{"line":35,"column":13}},"6":{"start":{"line":24,"column":12},"end":{"line":34,"column":13}},"7":{"start":{"line":25,"column":16},"end":{"line":28,"column":30}},"8":{"start":{"line":30,"column":16},"end":{"line":33,"column":27}},"9":{"start":{"line":37,"column":8},"end":{"line":39,"column":21}},"10":{"start":{"line":40,"column":8},"end":{"line":53,"column":9}},"11":{"start":{"line":43,"column":12},"end":{"line":46,"column":14}},"12":{"start":{"line":47,"column":12},"end":{"line":47,"column":18}},"13":{"start":{"line":50,"column":12},"end":{"line":51,"column":33}},"14":{"start":{"line":52,"column":12},"end":{"line":52,"column":18}},"15":{"start":{"line":55,"column":8},"end":{"line":55,"column":35}},"16":{"start":{"line":61,"column":4},"end":{"line":63,"column":9}},"17":{"start":{"line":62,"column":8},"end":{"line":62,"column":15}},"18":{"start":{"line":64,"column":4},"end":{"line":77,"column":5}},"19":{"start":{"line":70,"column":8},"end":{"line":70,"column":14}},"20":{"start":{"line":76,"column":8},"end":{"line":76,"column":14}},"21":{"start":{"line":82,"column":4},"end":{"line":84,"column":9}},"22":{"start":{"line":83,"column":8},"end":{"line":83,"column":15}},"23":{"start":{"line":85,"column":4},"end":{"line":194,"column":5}},"24":{"start":{"line":91,"column":8},"end":{"line":99,"column":10}},"25":{"start":{"line":98,"column":12},"end":{"line":98,"column":35}},"26":{"start":{"line":102,"column":8},"end":{"line":104,"column":63}},"27":{"start":{"line":105,"column":8},"end":{"line":105,"column":14}},"28":{"start":{"line":112,"column":8},"end":{"line":121,"column":10},"skip":true},"29":{"start":{"line":119,"column":12},"end":{"line":119,"column":55},"skip":true},"30":{"start":{"line":120,"column":12},"end":{"line":120,"column":48},"skip":true},"31":{"start":{"line":123,"column":8},"end":{"line":136,"column":10},"skip":true},"32":{"start":{"line":130,"column":12},"end":{"line":130,"column":76},"skip":true},"33":{"start":{"line":131,"column":12},"end":{"line":131,"column":73},"skip":true},"34":{"start":{"line":132,"column":12},"end":{"line":132,"column":74},"skip":true},"35":{"start":{"line":133,"column":12},"end":{"line":133,"column":79},"skip":true},"36":{"start":{"line":134,"column":12},"end":{"line":134,"column":25},"skip":true},"37":{"start":{"line":135,"column":12},"end":{"line":135,"column":45},"skip":true},"38":{"start":{"line":138,"column":8},"end":{"line":145,"column":14},"skip":true},"39":{"start":{"line":143,"column":16},"end":{"line":143,"column":29},"skip":true},"40":{"start":{"line":144,"column":16},"end":{"line":144,"column":55},"skip":true},"41":{"start":{"line":147,"column":8},"end":{"line":156,"column":10},"skip":true},"42":{"start":{"line":154,"column":12},"end":{"line":154,"column":25},"skip":true},"43":{"start":{"line":155,"column":12},"end":{"line":155,"column":45},"skip":true},"44":{"start":{"line":158,"column":8},"end":{"line":167,"column":10},"skip":true},"45":{"start":{"line":165,"column":12},"end":{"line":165,"column":25},"skip":true},"46":{"start":{"line":166,"column":12},"end":{"line":166,"column":48},"skip":true},"47":{"start":{"line":169,"column":8},"end":{"line":178,"column":10},"skip":true},"48":{"start":{"line":176,"column":12},"end":{"line":176,"column":25},"skip":true},"49":{"start":{"line":177,"column":12},"end":{"line":177,"column":46},"skip":true},"50":{"start":{"line":180,"column":8},"end":{"line":189,"column":10},"skip":true},"51":{"start":{"line":187,"column":12},"end":{"line":187,"column":94},"skip":true},"52":{"start":{"line":188,"column":12},"end":{"line":188,"column":48},"skip":true},"53":{"start":{"line":192,"column":8},"end":{"line":192,"column":35},"skip":true},"54":{"start":{"line":193,"column":8},"end":{"line":193,"column":14},"skip":true}},"branchMap":{"1":{"line":25,"type":"binary-expr","locations":[{"start":{"line":25,"column":23},"end":{"line":25,"column":62}},{"start":{"line":26,"column":20},"end":{"line":26,"column":70}},{"start":{"line":27,"column":20},"end":{"line":27,"column":71}},{"start":{"line":28,"column":20},"end":{"line":28,"column":29}}]},"2":{"line":30,"type":"binary-expr","locations":[{"start":{"line":30,"column":23},"end":{"line":30,"column":37}},{"start":{"line":31,"column":20},"end":{"line":31,"column":61}},{"start":{"line":32,"column":20},"end":{"line":32,"column":70}},{"start":{"line":33,"column":20},"end":{"line":33,"column":26}}]},"3":{"line":37,"type":"cond-expr","locations":[{"start":{"line":38,"column":14},"end":{"line":38,"column":20}},{"start":{"line":39,"column":14},"end":{"line":39,"column":20}}]},"4":{"line":40,"type":"switch","locations":[{"start":{"line":42,"column":8},"end":{"line":47,"column":18}},{"start":{"line":49,"column":8},"end":{"line":52,"column":18}}]},"5":{"line":44,"type":"binary-expr","locations":[{"start":{"line":44,"column":16},"end":{"line":44,"column":44}},{"start":{"line":44,"column":48},"end":{"line":44,"column":66}}]},"6":{"line":50,"type":"binary-expr","locations":[{"start":{"line":50,"column":21},"end":{"line":50,"column":49}},{"start":{"line":50,"column":53},"end":{"line":50,"column":72}}]},"7":{"line":64,"type":"switch","locations":[{"start":{"line":69,"column":4},"end":{"line":70,"column":14}},{"start":{"line":75,"column":4},"end":{"line":76,"column":14}}]},"8":{"line":85,"type":"switch","locations":[{"start":{"line":90,"column":4},"end":{"line":105,"column":14}},{"start":{"line":111,"column":4},"end":{"line":193,"column":14},"skip":true}]},"9":{"line":91,"type":"binary-expr","locations":[{"start":{"line":91,"column":42},"end":{"line":91,"column":73}},{"start":{"line":91,"column":77},"end":{"line":99,"column":9}}]},"10":{"line":102,"type":"binary-expr","locations":[{"start":{"line":102,"column":18},"end":{"line":102,"column":32}},{"start":{"line":103,"column":12},"end":{"line":103,"column":53}},{"start":{"line":104,"column":12},"end":{"line":104,"column":61}}]},"11":{"line":112,"type":"binary-expr","locations":[{"start":{"line":112,"column":45},"end":{"line":112,"column":79},"skip":true},{"start":{"line":112,"column":83},"end":{"line":121,"column":9},"skip":true}]},"12":{"line":123,"type":"binary-expr","locations":[{"start":{"line":123,"column":42},"end":{"line":123,"column":73},"skip":true},{"start":{"line":123,"column":77},"end":{"line":136,"column":9},"skip":true}]},"13":{"line":138,"type":"binary-expr","locations":[{"start":{"line":138,"column":48},"end":{"line":138,"column":85},"skip":true},{"start":{"line":139,"column":12},"end":{"line":145,"column":13},"skip":true}]},"14":{"line":147,"type":"binary-expr","locations":[{"start":{"line":147,"column":42},"end":{"line":147,"column":73},"skip":true},{"start":{"line":147,"column":77},"end":{"line":156,"column":9},"skip":true}]},"15":{"line":158,"type":"binary-expr","locations":[{"start":{"line":158,"column":45},"end":{"line":158,"column":79},"skip":true},{"start":{"line":158,"column":83},"end":{"line":167,"column":9},"skip":true}]},"16":{"line":169,"type":"binary-expr","locations":[{"start":{"line":169,"column":43},"end":{"line":169,"column":75},"skip":true},{"start":{"line":169,"column":79},"end":{"line":178,"column":9},"skip":true}]},"17":{"line":180,"type":"binary-expr","locations":[{"start":{"line":180,"column":41},"end":{"line":180,"column":71},"skip":true},{"start":{"line":180,"column":75},"end":{"line":189,"column":9},"skip":true}]}},"code":["/* istanbul instrument in package npmtest_papaparse */","/*jslint","    bitwise: true,","    browser: true,","    maxerr: 8,","    maxlen: 96,","    node: true,","    nomen: true,","    regexp: true,","    stupid: true","*/","(function () {","    'use strict';","    var local;","","","","    // run shared js-env code - init-before","    (function () {","        // init local","        local = {};","        // init modeJs","        local.modeJs = (function () {","            try {","                return typeof navigator.userAgent === 'string' &&","                    typeof document.querySelector('body') === 'object' &&","                    typeof XMLHttpRequest.prototype.open === 'function' &&","                    'browser';","            } catch (errorCaughtBrowser) {","                return module.exports &&","                    typeof process.versions.node === 'string' &&","                    typeof require('http').createServer === 'function' &&","                    'node';","            }","        }());","        // init global","        local.global = local.modeJs === 'browser'","            ? window","            : global;","        switch (local.modeJs) {","        // re-init local from window.local","        case 'browser':","            local = local.global.utility2.objectSetDefault(","                local.global.utility2_rollup || local.global.local,","                local.global.utility2","            );","            break;","        // re-init local from example.js","        case 'node':","            local = (local.global.utility2_rollup || require('utility2'))","                .requireReadme();","            break;","        }","        // export local","        local.global.local = local;","    }());","","","","    // run shared js-env code - function","    (function () {","        return;","    }());","    switch (local.modeJs) {","","","","    // run browser js-env code - function","    case 'browser':","        break;","","","","    // run node js-env code - function","    case 'node':","        break;","    }","","","","    // run shared js-env code - init-after","    (function () {","        return;","    }());","    switch (local.modeJs) {","","","","    // run browser js-env code - init-after","    case 'browser':","        local.testCase_browser_nullCase = local.testCase_browser_nullCase || function (","            options,","            onError","        ) {","        /*","         * this function will test browsers's null-case handling-behavior-behavior","         */","            onError(null, options);","        };","","        // run tests","        local.nop(local.modeTest &&","            document.querySelector('#testRunButton1') &&","            document.querySelector('#testRunButton1').click());","        break;","","","","    // run node js-env code - init-after","    /* istanbul ignore next */","    case 'node':","        local.testCase_buildApidoc_default = local.testCase_buildApidoc_default || function (","            options,","            onError","        ) {","        /*","         * this function will test buildApidoc's default handling-behavior-behavior","         */","            options = { modulePathList: module.paths };","            local.buildApidoc(options, onError);","        };","","        local.testCase_buildApp_default = local.testCase_buildApp_default || function (","            options,","            onError","        ) {","        /*","         * this function will test buildApp's default handling-behavior-behavior","         */","            local.testCase_buildReadme_default(options, local.onErrorThrow);","            local.testCase_buildLib_default(options, local.onErrorThrow);","            local.testCase_buildTest_default(options, local.onErrorThrow);","            local.testCase_buildCustomOrg_default(options, local.onErrorThrow);","            options = [];","            local.buildApp(options, onError);","        };","","        local.testCase_buildCustomOrg_default = local.testCase_buildCustomOrg_default ||","            function (options, onError) {","            /*","             * this function will test buildCustomOrg's default handling-behavior","             */","                options = {};","                local.buildCustomOrg(options, onError);","            };","","        local.testCase_buildLib_default = local.testCase_buildLib_default || function (","            options,","            onError","        ) {","        /*","         * this function will test buildLib's default handling-behavior","         */","            options = {};","            local.buildLib(options, onError);","        };","","        local.testCase_buildReadme_default = local.testCase_buildReadme_default || function (","            options,","            onError","        ) {","        /*","         * this function will test buildReadme's default handling-behavior-behavior","         */","            options = {};","            local.buildReadme(options, onError);","        };","","        local.testCase_buildTest_default = local.testCase_buildTest_default || function (","            options,","            onError","        ) {","        /*","         * this function will test buildTest's default handling-behavior","         */","            options = {};","            local.buildTest(options, onError);","        };","","        local.testCase_webpage_default = local.testCase_webpage_default || function (","            options,","            onError","        ) {","        /*","         * this function will test webpage's default handling-behavior","         */","            options = { modeCoverageMerge: true, url: local.serverLocalHost + '?modeTest=1' };","            local.browserTest(options, onError);","        };","","        // run test-server","        local.testRunServer(local);","        break;","    }","}());",""],"l":{"12":2,"14":2,"19":2,"21":2,"23":2,"24":2,"25":2,"30":1,"37":2,"40":2,"43":1,"47":1,"50":1,"52":1,"55":2,"61":2,"62":2,"64":2,"70":1,"76":1,"82":2,"83":2,"85":2,"91":1,"98":1,"102":1,"105":1,"112":1,"119":1,"120":1,"123":1,"130":1,"131":1,"132":1,"133":1,"134":1,"135":1,"138":1,"143":2,"144":2,"147":1,"154":2,"155":2,"158":1,"165":2,"166":2,"169":1,"176":2,"177":2,"180":1,"187":1,"188":1,"192":1,"193":1}},"/home/travis/build/npmtest/node-npmtest-papaparse/lib.npmtest_papaparse.js":{"path":"/home/travis/build/npmtest/node-npmtest-papaparse/lib.npmtest_papaparse.js","s":{"1":2,"2":2,"3":2,"4":2,"5":2,"6":2,"7":2,"8":1,"9":2,"10":2,"11":2,"12":2,"13":1,"14":1,"15":1,"16":1},"b":{"1":[2,1,1,1],"2":[1,1,1,1],"3":[1,1],"4":[2,2],"5":[1,1]},"f":{"1":2,"2":2,"3":2},"fnMap":{"1":{"name":"(anonymous_1)","line":12,"loc":{"start":{"line":12,"column":1},"end":{"line":12,"column":13}}},"2":{"name":"(anonymous_2)","line":19,"loc":{"start":{"line":19,"column":5},"end":{"line":19,"column":17}}},"3":{"name":"(anonymous_3)","line":23,"loc":{"start":{"line":23,"column":24},"end":{"line":23,"column":36}}}},"statementMap":{"1":{"start":{"line":12,"column":0},"end":{"line":53,"column":5}},"2":{"start":{"line":14,"column":4},"end":{"line":14,"column":14}},"3":{"start":{"line":19,"column":4},"end":{"line":52,"column":9}},"4":{"start":{"line":21,"column":8},"end":{"line":21,"column":19}},"5":{"start":{"line":23,"column":8},"end":{"line":35,"column":13}},"6":{"start":{"line":24,"column":12},"end":{"line":34,"column":13}},"7":{"start":{"line":25,"column":16},"end":{"line":28,"column":30}},"8":{"start":{"line":30,"column":16},"end":{"line":33,"column":27}},"9":{"start":{"line":37,"column":8},"end":{"line":39,"column":21}},"10":{"start":{"line":41,"column":8},"end":{"line":41,"column":54}},"11":{"start":{"line":43,"column":8},"end":{"line":43,"column":54}},"12":{"start":{"line":45,"column":8},"end":{"line":51,"column":9}},"13":{"start":{"line":46,"column":12},"end":{"line":46,"column":60}},"14":{"start":{"line":48,"column":12},"end":{"line":48,"column":35}},"15":{"start":{"line":49,"column":12},"end":{"line":49,"column":49}},"16":{"start":{"line":50,"column":12},"end":{"line":50,"column":43}}},"branchMap":{"1":{"line":25,"type":"binary-expr","locations":[{"start":{"line":25,"column":23},"end":{"line":25,"column":62}},{"start":{"line":26,"column":20},"end":{"line":26,"column":70}},{"start":{"line":27,"column":20},"end":{"line":27,"column":71}},{"start":{"line":28,"column":20},"end":{"line":28,"column":29}}]},"2":{"line":30,"type":"binary-expr","locations":[{"start":{"line":30,"column":23},"end":{"line":30,"column":37}},{"start":{"line":31,"column":20},"end":{"line":31,"column":61}},{"start":{"line":32,"column":20},"end":{"line":32,"column":70}},{"start":{"line":33,"column":20},"end":{"line":33,"column":26}}]},"3":{"line":37,"type":"cond-expr","locations":[{"start":{"line":38,"column":14},"end":{"line":38,"column":20}},{"start":{"line":39,"column":14},"end":{"line":39,"column":20}}]},"4":{"line":41,"type":"binary-expr","locations":[{"start":{"line":41,"column":16},"end":{"line":41,"column":44}},{"start":{"line":41,"column":48},"end":{"line":41,"column":53}}]},"5":{"line":45,"type":"if","locations":[{"start":{"line":45,"column":8},"end":{"line":45,"column":8}},{"start":{"line":45,"column":8},"end":{"line":45,"column":8}}]}},"code":["/* istanbul instrument in package npmtest_papaparse */","/*jslint","    bitwise: true,","    browser: true,","    maxerr: 8,","    maxlen: 96,","    node: true,","    nomen: true,","    regexp: true,","    stupid: true","*/","(function () {","    'use strict';","    var local;","","","","    // run shared js-env code - init-before","    (function () {","        // init local","        local = {};","        // init modeJs","        local.modeJs = (function () {","            try {","                return typeof navigator.userAgent === 'string' &&","                    typeof document.querySelector('body') === 'object' &&","                    typeof XMLHttpRequest.prototype.open === 'function' &&","                    'browser';","            } catch (errorCaughtBrowser) {","                return module.exports &&","                    typeof process.versions.node === 'string' &&","                    typeof require('http').createServer === 'function' &&","                    'node';","            }","        }());","        // init global","        local.global = local.modeJs === 'browser'","            ? window","            : global;","        // init utility2_rollup","        local = local.global.utility2_rollup || local;","        // init lib","        local.local = local.npmtest_papaparse = local;","        // init exports","        if (local.modeJs === 'browser') {","            local.global.utility2_npmtest_papaparse = local;","        } else {","            module.exports = local;","            module.exports.__dirname = __dirname;","            module.exports.module = module;","        }","    }());","}());",""],"l":{"12":2,"14":2,"19":2,"21":2,"23":2,"24":2,"25":2,"30":1,"37":2,"41":2,"43":2,"45":2,"46":1,"48":1,"49":1,"50":1}},"/home/travis/build/npmtest/node-npmtest-papaparse/example.js":{"path":"/home/travis/build/npmtest/node-npmtest-papaparse/example.js","s":{"1":2,"2":2,"3":2,"4":2,"5":2,"6":2,"7":2,"8":1,"9":2,"10":2,"11":2,"12":2,"13":1,"14":2,"15":2,"16":2,"17":2,"18":2,"19":0,"20":2,"21":1,"22":1,"23":1,"24":1,"25":1,"26":0,"27":0,"28":1,"29":1,"30":2,"31":0,"32":0,"33":0,"34":1,"35":2,"36":2,"37":3,"38":3,"39":3,"40":3,"41":0,"42":3,"43":3,"44":3,"45":1,"46":3,"47":1,"48":1,"49":1,"50":1,"51":1,"52":1,"53":1,"54":1,"55":1,"56":1,"57":0,"58":1,"59":6,"60":6,"61":1,"62":2,"63":0,"64":2,"65":1,"66":1,"67":0,"68":0,"69":0,"70":0,"71":0,"72":0,"73":0,"74":0,"75":0,"76":0,"77":0,"78":0,"79":0,"80":0,"81":0,"82":0,"83":0},"b":{"1":[2,1,1,1],"2":[1,1,1,1],"3":[1,1],"4":[2,2],"5":[1,1],"6":[1,1],"7":[2,0],"8":[2,1,1,1,1,1],"9":[0,2,0],"10":[1,1],"11":[2,1,1],"12":[1,0],"13":[0,2],"14":[2,0,0,0,0,0,0],"15":[0,3],"16":[3,0],"17":[1,1],"18":[0,1],"19":[1,2,0,2],"20":[1,0],"21":[1,1],"22":[0,0],"23":[0,0],"24":[0,0],"25":[0,0],"26":[0,0],"27":[0,0],"28":[0,0]},"f":{"1":2,"2":2,"3":2,"4":2,"5":2,"6":2,"7":3,"8":3,"9":3,"10":1,"11":6,"12":0},"fnMap":{"1":{"name":"(anonymous_1)","line":26,"loc":{"start":{"line":26,"column":1},"end":{"line":26,"column":13}}},"2":{"name":"(anonymous_2)","line":33,"loc":{"start":{"line":33,"column":5},"end":{"line":33,"column":17}}},"3":{"name":"(anonymous_3)","line":37,"loc":{"start":{"line":37,"column":24},"end":{"line":37,"column":36}}},"4":{"name":"(anonymous_4)","line":69,"loc":{"start":{"line":69,"column":31},"end":{"line":69,"column":48}},"skip":true},"5":{"name":"(anonymous_5)","line":78,"loc":{"start":{"line":78,"column":26},"end":{"line":78,"column":45}},"skip":true},"6":{"name":"(anonymous_6)","line":123,"loc":{"start":{"line":123,"column":33},"end":{"line":123,"column":48}},"skip":true},"7":{"name":"(anonymous_7)","line":125,"loc":{"start":{"line":125,"column":27},"end":{"line":125,"column":39}},"skip":true},"8":{"name":"(anonymous_8)","line":133,"loc":{"start":{"line":133,"column":59},"end":{"line":133,"column":74}},"skip":true},"9":{"name":"(anonymous_9)","line":143,"loc":{"start":{"line":143,"column":45},"end":{"line":143,"column":62}},"skip":true},"10":{"name":"(anonymous_10)","line":144,"loc":{"start":{"line":144,"column":73},"end":{"line":144,"column":92}},"skip":true},"11":{"name":"(anonymous_11)","line":272,"loc":{"start":{"line":272,"column":51},"end":{"line":272,"column":77}},"skip":true},"12":{"name":"(anonymous_12)","line":315,"loc":{"start":{"line":315,"column":32},"end":{"line":315,"column":61}},"skip":true}},"statementMap":{"1":{"start":{"line":26,"column":0},"end":{"line":326,"column":5}},"2":{"start":{"line":28,"column":4},"end":{"line":28,"column":14}},"3":{"start":{"line":33,"column":4},"end":{"line":60,"column":9}},"4":{"start":{"line":35,"column":8},"end":{"line":35,"column":19}},"5":{"start":{"line":37,"column":8},"end":{"line":49,"column":13}},"6":{"start":{"line":38,"column":12},"end":{"line":48,"column":13}},"7":{"start":{"line":39,"column":16},"end":{"line":42,"column":30}},"8":{"start":{"line":44,"column":16},"end":{"line":47,"column":27}},"9":{"start":{"line":51,"column":8},"end":{"line":53,"column":21}},"10":{"start":{"line":55,"column":8},"end":{"line":57,"column":45}},"11":{"start":{"line":59,"column":8},"end":{"line":59,"column":35}},"12":{"start":{"line":61,"column":4},"end":{"line":325,"column":5}},"13":{"start":{"line":69,"column":8},"end":{"line":121,"column":10},"skip":true},"14":{"start":{"line":70,"column":12},"end":{"line":88,"column":13},"skip":true},"15":{"start":{"line":76,"column":16},"end":{"line":87,"column":19},"skip":true},"16":{"start":{"line":79,"column":20},"end":{"line":86,"column":21},"skip":true},"17":{"start":{"line":82,"column":24},"end":{"line":82,"column":43},"skip":true},"18":{"start":{"line":83,"column":24},"end":{"line":83,"column":30},"skip":true},"19":{"start":{"line":85,"column":24},"end":{"line":85,"column":49},"skip":true},"20":{"start":{"line":89,"column":12},"end":{"line":107,"column":13},"skip":true},"21":{"start":{"line":92,"column":16},"end":{"line":102,"column":17},"skip":true},"22":{"start":{"line":93,"column":20},"end":{"line":93,"column":86},"skip":true},"23":{"start":{"line":94,"column":20},"end":{"line":95,"column":45},"skip":true},"24":{"start":{"line":96,"column":20},"end":{"line":96,"column":42},"skip":true},"25":{"start":{"line":97,"column":20},"end":{"line":97,"column":48},"skip":true},"26":{"start":{"line":100,"column":20},"end":{"line":100,"column":85},"skip":true},"27":{"start":{"line":101,"column":20},"end":{"line":101,"column":96},"skip":true},"28":{"start":{"line":103,"column":16},"end":{"line":103,"column":22},"skip":true},"29":{"start":{"line":106,"column":16},"end":{"line":106,"column":22},"skip":true},"30":{"start":{"line":108,"column":12},"end":{"line":120,"column":13},"skip":true},"31":{"start":{"line":114,"column":16},"end":{"line":119,"column":17},"skip":true},"32":{"start":{"line":116,"column":20},"end":{"line":116,"column":78},"skip":true},"33":{"start":{"line":118,"column":20},"end":{"line":118,"column":47},"skip":true},"34":{"start":{"line":123,"column":8},"end":{"line":141,"column":11},"skip":true},"35":{"start":{"line":124,"column":12},"end":{"line":124,"column":54},"skip":true},"36":{"start":{"line":125,"column":12},"end":{"line":140,"column":14},"skip":true},"37":{"start":{"line":126,"column":16},"end":{"line":126,"column":28},"skip":true},"38":{"start":{"line":127,"column":16},"end":{"line":127,"column":69},"skip":true},"39":{"start":{"line":128,"column":16},"end":{"line":128,"column":75},"skip":true},"40":{"start":{"line":129,"column":16},"end":{"line":131,"column":17},"skip":true},"41":{"start":{"line":130,"column":20},"end":{"line":130,"column":27},"skip":true},"42":{"start":{"line":133,"column":16},"end":{"line":137,"column":36},"skip":true},"43":{"start":{"line":134,"column":20},"end":{"line":136,"column":55},"skip":true},"44":{"start":{"line":139,"column":16},"end":{"line":139,"column":57},"skip":true},"45":{"start":{"line":143,"column":8},"end":{"line":147,"column":11},"skip":true},"46":{"start":{"line":144,"column":12},"end":{"line":146,"column":15},"skip":true},"47":{"start":{"line":145,"column":16},"end":{"line":145,"column":70},"skip":true},"48":{"start":{"line":149,"column":8},"end":{"line":149,"column":31},"skip":true},"49":{"start":{"line":150,"column":8},"end":{"line":150,"column":14},"skip":true},"50":{"start":{"line":158,"column":8},"end":{"line":158,"column":31},"skip":true},"51":{"start":{"line":160,"column":8},"end":{"line":160,"column":33},"skip":true},"52":{"start":{"line":161,"column":8},"end":{"line":161,"column":37},"skip":true},"53":{"start":{"line":162,"column":8},"end":{"line":162,"column":35},"skip":true},"54":{"start":{"line":164,"column":8},"end":{"line":164,"column":50},"skip":true},"55":{"start":{"line":166,"column":8},"end":{"line":256,"column":2},"skip":true},"56":{"start":{"line":258,"column":8},"end":{"line":286,"column":9},"skip":true},"57":{"start":{"line":259,"column":12},"end":{"line":269,"column":14},"skip":true},"58":{"start":{"line":271,"column":12},"end":{"line":285,"column":19},"skip":true},"59":{"start":{"line":274,"column":20},"end":{"line":274,"column":35},"skip":true},"60":{"start":{"line":275,"column":20},"end":{"line":284,"column":21},"skip":true},"61":{"start":{"line":277,"column":24},"end":{"line":277,"column":64},"skip":true},"62":{"start":{"line":279,"column":24},"end":{"line":279,"column":40},"skip":true},"63":{"start":{"line":281,"column":24},"end":{"line":281,"column":40},"skip":true},"64":{"start":{"line":283,"column":24},"end":{"line":283,"column":39},"skip":true},"65":{"start":{"line":288,"column":8},"end":{"line":290,"column":9},"skip":true},"66":{"start":{"line":289,"column":12},"end":{"line":289,"column":18},"skip":true},"67":{"start":{"line":291,"column":8},"end":{"line":293,"column":54},"skip":true},"68":{"start":{"line":296,"column":8},"end":{"line":301,"column":37},"skip":true},"69":{"start":{"line":303,"column":8},"end":{"line":303,"column":82},"skip":true},"70":{"start":{"line":306,"column":8},"end":{"line":308,"column":9},"skip":true},"71":{"start":{"line":307,"column":12},"end":{"line":307,"column":82},"skip":true},"72":{"start":{"line":310,"column":8},"end":{"line":312,"column":9},"skip":true},"73":{"start":{"line":311,"column":12},"end":{"line":311,"column":18},"skip":true},"74":{"start":{"line":313,"column":8},"end":{"line":313,"column":54},"skip":true},"75":{"start":{"line":314,"column":8},"end":{"line":314,"column":69},"skip":true},"76":{"start":{"line":315,"column":8},"end":{"line":323,"column":36},"skip":true},"77":{"start":{"line":316,"column":12},"end":{"line":316,"column":61},"skip":true},"78":{"start":{"line":317,"column":12},"end":{"line":320,"column":13},"skip":true},"79":{"start":{"line":318,"column":16},"end":{"line":318,"column":75},"skip":true},"80":{"start":{"line":319,"column":16},"end":{"line":319,"column":23},"skip":true},"81":{"start":{"line":321,"column":12},"end":{"line":321,"column":38},"skip":true},"82":{"start":{"line":322,"column":12},"end":{"line":322,"column":27},"skip":true},"83":{"start":{"line":324,"column":8},"end":{"line":324,"column":14},"skip":true}},"branchMap":{"1":{"line":39,"type":"binary-expr","locations":[{"start":{"line":39,"column":23},"end":{"line":39,"column":62}},{"start":{"line":40,"column":20},"end":{"line":40,"column":70}},{"start":{"line":41,"column":20},"end":{"line":41,"column":71}},{"start":{"line":42,"column":20},"end":{"line":42,"column":29}}]},"2":{"line":44,"type":"binary-expr","locations":[{"start":{"line":44,"column":23},"end":{"line":44,"column":37}},{"start":{"line":45,"column":20},"end":{"line":45,"column":61}},{"start":{"line":46,"column":20},"end":{"line":46,"column":70}},{"start":{"line":47,"column":20},"end":{"line":47,"column":26}}]},"3":{"line":51,"type":"cond-expr","locations":[{"start":{"line":52,"column":14},"end":{"line":52,"column":20}},{"start":{"line":53,"column":14},"end":{"line":53,"column":20}}]},"4":{"line":55,"type":"binary-expr","locations":[{"start":{"line":55,"column":16},"end":{"line":55,"column":44}},{"start":{"line":55,"column":49},"end":{"line":57,"column":43}}]},"5":{"line":55,"type":"cond-expr","locations":[{"start":{"line":56,"column":14},"end":{"line":56,"column":53}},{"start":{"line":57,"column":14},"end":{"line":57,"column":43}}]},"6":{"line":61,"type":"switch","locations":[{"start":{"line":68,"column":4},"end":{"line":150,"column":14},"skip":true},{"start":{"line":156,"column":4},"end":{"line":324,"column":14},"skip":true}]},"7":{"line":70,"type":"if","locations":[{"start":{"line":70,"column":12},"end":{"line":70,"column":12},"skip":true},{"start":{"line":70,"column":12},"end":{"line":70,"column":12},"skip":true}]},"8":{"line":70,"type":"binary-expr","locations":[{"start":{"line":70,"column":16},"end":{"line":70,"column":22},"skip":true},{"start":{"line":70,"column":27},"end":{"line":70,"column":32},"skip":true},{"start":{"line":71,"column":20},"end":{"line":71,"column":39},"skip":true},{"start":{"line":72,"column":20},"end":{"line":72,"column":49},"skip":true},{"start":{"line":73,"column":20},"end":{"line":73,"column":58},"skip":true},{"start":{"line":74,"column":20},"end":{"line":74,"column":69},"skip":true}]},"9":{"line":79,"type":"switch","locations":[{"start":{"line":80,"column":20},"end":{"line":80,"column":33},"skip":true},{"start":{"line":81,"column":20},"end":{"line":83,"column":30},"skip":true},{"start":{"line":84,"column":20},"end":{"line":85,"column":49},"skip":true}]},"10":{"line":89,"type":"switch","locations":[{"start":{"line":90,"column":12},"end":{"line":103,"column":22},"skip":true},{"start":{"line":105,"column":12},"end":{"line":106,"column":22},"skip":true}]},"11":{"line":89,"type":"binary-expr","locations":[{"start":{"line":89,"column":20},"end":{"line":89,"column":25},"skip":true},{"start":{"line":89,"column":29},"end":{"line":89,"column":48},"skip":true},{"start":{"line":89,"column":52},"end":{"line":89,"column":74},"skip":true}]},"12":{"line":92,"type":"if","locations":[{"start":{"line":92,"column":16},"end":{"line":92,"column":16},"skip":true},{"start":{"line":92,"column":16},"end":{"line":92,"column":16},"skip":true}]},"13":{"line":108,"type":"if","locations":[{"start":{"line":108,"column":12},"end":{"line":108,"column":12},"skip":true},{"start":{"line":108,"column":12},"end":{"line":108,"column":12},"skip":true}]},"14":{"line":108,"type":"binary-expr","locations":[{"start":{"line":108,"column":16},"end":{"line":108,"column":61},"skip":true},{"start":{"line":108,"column":66},"end":{"line":108,"column":72},"skip":true},{"start":{"line":108,"column":77},"end":{"line":108,"column":82},"skip":true},{"start":{"line":109,"column":20},"end":{"line":109,"column":39},"skip":true},{"start":{"line":110,"column":20},"end":{"line":110,"column":49},"skip":true},{"start":{"line":111,"column":20},"end":{"line":111,"column":58},"skip":true},{"start":{"line":112,"column":20},"end":{"line":112,"column":68},"skip":true}]},"15":{"line":129,"type":"if","locations":[{"start":{"line":129,"column":16},"end":{"line":129,"column":16},"skip":true},{"start":{"line":129,"column":16},"end":{"line":129,"column":16},"skip":true}]},"16":{"line":134,"type":"cond-expr","locations":[{"start":{"line":135,"column":26},"end":{"line":135,"column":29},"skip":true},{"start":{"line":136,"column":26},"end":{"line":136,"column":54},"skip":true}]},"17":{"line":164,"type":"binary-expr","locations":[{"start":{"line":164,"column":27},"end":{"line":164,"column":43},"skip":true},{"start":{"line":164,"column":47},"end":{"line":164,"column":49},"skip":true}]},"18":{"line":258,"type":"if","locations":[{"start":{"line":258,"column":8},"end":{"line":258,"column":8},"skip":true},{"start":{"line":258,"column":8},"end":{"line":258,"column":8},"skip":true}]},"19":{"line":275,"type":"switch","locations":[{"start":{"line":276,"column":20},"end":{"line":277,"column":64},"skip":true},{"start":{"line":278,"column":20},"end":{"line":279,"column":40},"skip":true},{"start":{"line":280,"column":20},"end":{"line":281,"column":40},"skip":true},{"start":{"line":282,"column":20},"end":{"line":283,"column":39},"skip":true}]},"20":{"line":288,"type":"if","locations":[{"start":{"line":288,"column":8},"end":{"line":288,"column":8},"skip":true},{"start":{"line":288,"column":8},"end":{"line":288,"column":8},"skip":true}]},"21":{"line":288,"type":"binary-expr","locations":[{"start":{"line":288,"column":12},"end":{"line":288,"column":40},"skip":true},{"start":{"line":288,"column":44},"end":{"line":288,"column":67},"skip":true}]},"22":{"line":292,"type":"binary-expr","locations":[{"start":{"line":292,"column":12},"end":{"line":292,"column":50},"skip":true},{"start":{"line":293,"column":12},"end":{"line":293,"column":53},"skip":true}]},"23":{"line":297,"type":"binary-expr","locations":[{"start":{"line":297,"column":12},"end":{"line":297,"column":67},"skip":true},{"start":{"line":298,"column":12},"end":{"line":301,"column":36},"skip":true}]},"24":{"line":303,"type":"binary-expr","locations":[{"start":{"line":303,"column":43},"end":{"line":303,"column":75},"skip":true},{"start":{"line":303,"column":79},"end":{"line":303,"column":81},"skip":true}]},"25":{"line":306,"type":"if","locations":[{"start":{"line":306,"column":8},"end":{"line":306,"column":8},"skip":true},{"start":{"line":306,"column":8},"end":{"line":306,"column":8},"skip":true}]},"26":{"line":310,"type":"if","locations":[{"start":{"line":310,"column":8},"end":{"line":310,"column":8},"skip":true},{"start":{"line":310,"column":8},"end":{"line":310,"column":8},"skip":true}]},"27":{"line":313,"type":"binary-expr","locations":[{"start":{"line":313,"column":27},"end":{"line":313,"column":43},"skip":true},{"start":{"line":313,"column":47},"end":{"line":313,"column":53},"skip":true}]},"28":{"line":317,"type":"if","locations":[{"start":{"line":317,"column":12},"end":{"line":317,"column":12},"skip":true},{"start":{"line":317,"column":12},"end":{"line":317,"column":12},"skip":true}]}},"code":["/*","example.js","","quickstart example","","instruction","    1. save this script as example.js","    2. run the shell command:","        $ npm install npmtest-papaparse && PORT=8081 node example.js","    3. play with the browser-demo on http://127.0.0.1:8081","*/","","","","/* istanbul instrument in package npmtest_papaparse */","/*jslint","    bitwise: true,","    browser: true,","    maxerr: 8,","    maxlen: 96,","    node: true,","    nomen: true,","    regexp: true,","    stupid: true","*/","(function () {","    'use strict';","    var local;","","","","    // run shared js-env code - init-before","    (function () {","        // init local","        local = {};","        // init modeJs","        local.modeJs = (function () {","            try {","                return typeof navigator.userAgent === 'string' &&","                    typeof document.querySelector('body') === 'object' &&","                    typeof XMLHttpRequest.prototype.open === 'function' &&","                    'browser';","            } catch (errorCaughtBrowser) {","                return module.exports &&","                    typeof process.versions.node === 'string' &&","                    typeof require('http').createServer === 'function' &&","                    'node';","            }","        }());","        // init global","        local.global = local.modeJs === 'browser'","            ? window","            : global;","        // init utility2_rollup","        local = local.global.utility2_rollup || (local.modeJs === 'browser'","            ? local.global.utility2_npmtest_papaparse","            : global.utility2_moduleExports);","        // export local","        local.global.local = local;","    }());","    switch (local.modeJs) {","","","","    // init-after","    // run browser js-env code - init-after","    /* istanbul ignore next */","    case 'browser':","        local.testRunBrowser = function (event) {","            if (!event || (event &&","                    event.currentTarget &&","                    event.currentTarget.className &&","                    event.currentTarget.className.includes &&","                    event.currentTarget.className.includes('onreset'))) {","                // reset output","                Array.from(","                    document.querySelectorAll('body > .resettable')","                ).forEach(function (element) {","                    switch (element.tagName) {","                    case 'INPUT':","                    case 'TEXTAREA':","                        element.value = '';","                        break;","                    default:","                        element.textContent = '';","                    }","                });","            }","            switch (event && event.currentTarget && event.currentTarget.id) {","            case 'testRunButton1':","                // show tests","                if (document.querySelector('#testReportDiv1').style.display === 'none') {","                    document.querySelector('#testReportDiv1').style.display = 'block';","                    document.querySelector('#testRunButton1').textContent =","                        'hide internal test';","                    local.modeTest = true;","                    local.testRunDefault(local);","                // hide tests","                } else {","                    document.querySelector('#testReportDiv1').style.display = 'none';","                    document.querySelector('#testRunButton1').textContent = 'run internal test';","                }","                break;","            // custom-case","            default:","                break;","            }","            if (document.querySelector('#inputTextareaEval1') && (!event || (event &&","                    event.currentTarget &&","                    event.currentTarget.className &&","                    event.currentTarget.className.includes &&","                    event.currentTarget.className.includes('oneval')))) {","                // try to eval input-code","                try {","                    /*jslint evil: true*/","                    eval(document.querySelector('#inputTextareaEval1').value);","                } catch (errorCaught) {","                    console.error(errorCaught);","                }","            }","        };","        // log stderr and stdout to #outputTextareaStdout1","        ['error', 'log'].forEach(function (key) {","            console[key + '_original'] = console[key];","            console[key] = function () {","                var element;","                console[key + '_original'].apply(console, arguments);","                element = document.querySelector('#outputTextareaStdout1');","                if (!element) {","                    return;","                }","                // append text to #outputTextareaStdout1","                element.value += Array.from(arguments).map(function (arg) {","                    return typeof arg === 'string'","                        ? arg","                        : JSON.stringify(arg, null, 4);","                }).join(' ') + '\\n';","                // scroll textarea to bottom","                element.scrollTop = element.scrollHeight;","            };","        });","        // init event-handling","        ['change', 'click', 'keyup'].forEach(function (event) {","            Array.from(document.querySelectorAll('.on' + event)).forEach(function (element) {","                element.addEventListener(event, local.testRunBrowser);","            });","        });","        // run tests","        local.testRunBrowser();","        break;","","","","    // run node js-env code - init-after","    /* istanbul ignore next */","    case 'node':","        // export local","        module.exports = local;","        // require modules","        local.fs = require('fs');","        local.http = require('http');","        local.url = require('url');","        // init assets","        local.assetsDict = local.assetsDict || {};","        /* jslint-ignore-begin */","        local.assetsDict['/assets.index.template.html'] = '\\","<!doctype html>\\n\\","<html lang=\"en\">\\n\\","<head>\\n\\","<meta charset=\"UTF-8\">\\n\\","<meta name=\"viewport\" content=\"width=device-width, initial-scale=1\">\\n\\","<title>{{env.npm_package_name}} (v{{env.npm_package_version}})</title>\\n\\","<style>\\n\\","/*csslint\\n\\","    box-sizing: false,\\n\\","    universal-selector: false\\n\\","*/\\n\\","* {\\n\\","    box-sizing: border-box;\\n\\","}\\n\\","body {\\n\\","    background: #dde;\\n\\","    font-family: Arial, Helvetica, sans-serif;\\n\\","    margin: 2rem;\\n\\","}\\n\\","body > * {\\n\\","    margin-bottom: 1rem;\\n\\","}\\n\\",".utility2FooterDiv {\\n\\","    margin-top: 20px;\\n\\","    text-align: center;\\n\\","}\\n\\","</style>\\n\\","<style>\\n\\","/*csslint\\n\\","*/\\n\\","textarea {\\n\\","    font-family: monospace;\\n\\","    height: 10rem;\\n\\","    width: 100%;\\n\\","}\\n\\","textarea[readonly] {\\n\\","    background: #ddd;\\n\\","}\\n\\","</style>\\n\\","</head>\\n\\","<body>\\n\\","<!-- utility2-comment\\n\\","<div id=\"ajaxProgressDiv1\" style=\"background: #d00; height: 2px; left: 0; margin: 0; padding: 0; position: fixed; top: 0; transition: background 0.5s, width 1.5s; width: 25%;\"></div>\\n\\","utility2-comment -->\\n\\","<h1>\\n\\","<!-- utility2-comment\\n\\","    <a\\n\\","        {{#if env.npm_package_homepage}}\\n\\","        href=\"{{env.npm_package_homepage}}\"\\n\\","        {{/if env.npm_package_homepage}}\\n\\","        target=\"_blank\"\\n\\","    >\\n\\","utility2-comment -->\\n\\","        {{env.npm_package_name}} (v{{env.npm_package_version}})\\n\\","<!-- utility2-comment\\n\\","    </a>\\n\\","utility2-comment -->\\n\\","</h1>\\n\\","<h3>{{env.npm_package_description}}</h3>\\n\\","<!-- utility2-comment\\n\\","<h4><a download href=\"assets.app.js\">download standalone app</a></h4>\\n\\","<button class=\"onclick onreset\" id=\"testRunButton1\">run internal test</button><br>\\n\\","<div id=\"testReportDiv1\" style=\"display: none;\"></div>\\n\\","utility2-comment -->\\n\\","\\n\\","\\n\\","\\n\\","<label>stderr and stdout</label>\\n\\","<textarea class=\"resettable\" id=\"outputTextareaStdout1\" readonly></textarea>\\n\\","<!-- utility2-comment\\n\\","{{#if isRollup}}\\n\\","<script src=\"assets.app.js\"></script>\\n\\","{{#unless isRollup}}\\n\\","utility2-comment -->\\n\\","<script src=\"assets.utility2.rollup.js\"></script>\\n\\","<script src=\"jsonp.utility2._stateInit?callback=window.utility2._stateInit\"></script>\\n\\","<script src=\"assets.npmtest_papaparse.rollup.js\"></script>\\n\\","<script src=\"assets.example.js\"></script>\\n\\","<script src=\"assets.test.js\"></script>\\n\\","<!-- utility2-comment\\n\\","{{/if isRollup}}\\n\\","utility2-comment -->\\n\\","<div class=\"utility2FooterDiv\">\\n\\","    [ this app was created with\\n\\","    <a href=\"https://github.com/kaizhu256/node-utility2\" target=\"_blank\">utility2</a>\\n\\","    ]\\n\\","</div>\\n\\","</body>\\n\\","</html>\\n\\","';","        /* jslint-ignore-end */","        if (local.templateRender) {","            local.assetsDict['/'] = local.templateRender(","                local.assetsDict['/assets.index.template.html'],","                {","                    env: local.objectSetDefault(local.env, {","                        npm_package_description: 'the greatest app in the world!',","                        npm_package_name: 'my-app',","                        npm_package_nameAlias: 'my_app',","                        npm_package_version: '0.0.1'","                    })","                }","            );","        } else {","            local.assetsDict['/'] = local.assetsDict['/assets.index.template.html']","                .replace((/\\{\\{env\\.(\\w+?)\\}\\}/g), function (match0, match1) {","                    // jslint-hack","                    String(match0);","                    switch (match1) {","                    case 'npm_package_description':","                        return 'the greatest app in the world!';","                    case 'npm_package_name':","                        return 'my-app';","                    case 'npm_package_nameAlias':","                        return 'my_app';","                    case 'npm_package_version':","                        return '0.0.1';","                    }","                });","        }","        // run the cli","        if (local.global.utility2_rollup || module !== require.main) {","            break;","        }","        local.assetsDict['/assets.example.js'] =","            local.assetsDict['/assets.example.js'] ||","            local.fs.readFileSync(__filename, 'utf8');","        // bug-workaround - long $npm_package_buildCustomOrg","        /* jslint-ignore-begin */","        local.assetsDict['/assets.npmtest_papaparse.rollup.js'] =","            local.assetsDict['/assets.npmtest_papaparse.rollup.js'] ||","            local.fs.readFileSync(","                local.npmtest_papaparse.__dirname + '/lib.npmtest_papaparse.js',","                'utf8'","            ).replace((/^#!/), '//');","        /* jslint-ignore-end */","        local.assetsDict['/favicon.ico'] = local.assetsDict['/favicon.ico'] || '';","        // if $npm_config_timeout_exit exists,","        // then exit this process after $npm_config_timeout_exit ms","        if (Number(process.env.npm_config_timeout_exit)) {","            setTimeout(process.exit, Number(process.env.npm_config_timeout_exit));","        }","        // start server","        if (local.global.utility2_serverHttp1) {","            break;","        }","        process.env.PORT = process.env.PORT || '8081';","        console.error('server starting on port ' + process.env.PORT);","        local.http.createServer(function (request, response) {","            request.urlParsed = local.url.parse(request.url);","            if (local.assetsDict[request.urlParsed.pathname] !== undefined) {","                response.end(local.assetsDict[request.urlParsed.pathname]);","                return;","            }","            response.statusCode = 404;","            response.end();","        }).listen(process.env.PORT);","        break;","    }","}());",""],"l":{"26":2,"28":2,"33":2,"35":2,"37":2,"38":2,"39":2,"44":1,"51":2,"55":2,"59":2,"61":2,"69":1,"70":2,"76":2,"79":2,"82":2,"83":2,"85":1,"89":2,"92":1,"93":1,"94":1,"96":1,"97":1,"100":1,"101":1,"103":1,"106":1,"108":2,"114":1,"116":1,"118":1,"123":1,"124":2,"125":2,"126":3,"127":3,"128":3,"129":3,"130":1,"133":3,"134":3,"139":3,"143":1,"144":3,"145":1,"149":1,"150":1,"158":1,"160":1,"161":1,"162":1,"164":1,"166":1,"258":1,"259":1,"271":1,"274":6,"275":6,"277":1,"279":2,"281":1,"283":2,"288":1,"289":1,"291":1,"296":1,"303":1,"306":1,"307":1,"310":1,"311":1,"313":1,"314":1,"315":1,"316":1,"317":1,"318":1,"319":1,"321":1,"322":1,"324":1}},"/home/travis/build/npmtest/node-npmtest-papaparse/node_modules/papaparse/papaparse.js":{"path":"/home/travis/build/npmtest/node-npmtest-papaparse/node_modules/papaparse/papaparse.js","s":{"1":1,"2":1,"3":0,"4":1,"5":1,"6":0,"7":1,"8":1,"9":0,"10":1,"11":0,"12":1,"13":0,"14":1,"15":1,"16":1,"17":1,"18":1,"19":1,"20":1,"21":1,"22":1,"23":1,"24":1,"25":1,"26":1,"27":1,"28":1,"29":1,"30":1,"31":1,"32":1,"33":1,"34":1,"35":1,"36":0,"37":0,"38":0,"39":0,"40":0,"41":0,"42":0,"43":0,"44":0,"45":0,"46":0,"47":0,"48":1,"49":0,"50":0,"51":0,"52":0,"53":0,"54":0,"55":0,"56":0,"57":0,"58":0,"59":0,"60":0,"61":0,"62":0,"63":0,"64":0,"65":0,"66":0,"67":0,"68":0,"69":0,"70":0,"71":0,"72":0,"73":0,"74":1,"75":0,"76":0,"77":1,"78":0,"79":0,"80":1,"81":0,"82":1,"83":0,"84":0,"85":0,"86":0,"87":0,"88":1,"89":0,"90":0,"91":0,"92":0,"93":0,"94":0,"95":0,"96":0,"97":0,"98":0,"99":0,"100":0,"101":0,"102":0,"103":0,"104":0,"105":0,"106":0,"107":0,"108":0,"109":0,"110":0,"111":0,"112":0,"113":0,"114":1,"115":0,"116":0,"117":0,"118":0,"119":0,"120":0,"121":0,"122":0,"123":0,"124":0,"125":0,"126":0,"127":0,"128":0,"129":0,"130":0,"131":0,"132":0,"133":0,"134":0,"135":0,"136":0,"137":0,"138":0,"139":0,"140":0,"141":0,"142":0,"143":1,"144":0,"145":0,"146":0,"147":0,"148":0,"149":0,"150":0,"151":0,"152":0,"153":0,"154":0,"155":0,"156":1,"157":0,"158":0,"159":0,"160":0,"161":0,"162":0,"163":1,"164":0,"165":0,"166":0,"167":0,"168":0,"169":0,"170":0,"171":0,"172":0,"173":0,"174":0,"175":0,"176":0,"177":0,"178":0,"179":0,"180":0,"181":0,"182":0,"183":0,"184":0,"185":0,"186":0,"187":0,"188":1,"189":0,"190":0,"191":0,"192":0,"193":0,"194":1,"195":0,"196":0,"197":0,"198":0,"199":1,"200":0,"201":0,"202":0,"203":0,"204":0,"205":0,"206":0,"207":0,"208":0,"209":0,"210":0,"211":0,"212":0,"213":0,"214":0,"215":0,"216":0,"217":0,"218":0,"219":0,"220":0,"221":0,"222":0,"223":0,"224":0,"225":0,"226":0,"227":0,"228":0,"229":0,"230":0,"231":0,"232":0,"233":0,"234":0,"235":0,"236":0,"237":0,"238":0,"239":0,"240":0,"241":0,"242":0,"243":0,"244":0,"245":0,"246":0,"247":0,"248":0,"249":0,"250":0,"251":0,"252":1,"253":0,"254":0,"255":0,"256":0,"257":0,"258":0,"259":0,"260":1,"261":0,"262":0,"263":0,"264":0,"265":0,"266":0,"267":0,"268":0,"269":0,"270":0,"271":0,"272":0,"273":0,"274":0,"275":0,"276":0,"277":0,"278":0,"279":0,"280":0,"281":0,"282":0,"283":0,"284":0,"285":0,"286":0,"287":0,"288":0,"289":0,"290":0,"291":0,"292":0,"293":0,"294":0,"295":0,"296":0,"297":0,"298":0,"299":0,"300":0,"301":0,"302":0,"303":0,"304":0,"305":0,"306":0,"307":1,"308":0,"309":0,"310":0,"311":0,"312":1,"313":1,"314":1,"315":0,"316":0,"317":0,"318":0,"319":0,"320":0,"321":0,"322":0,"323":0,"324":0,"325":0,"326":0,"327":0,"328":0,"329":0,"330":0,"331":0,"332":0,"333":0,"334":0,"335":0,"336":0,"337":0,"338":0,"339":0,"340":0,"341":0,"342":0,"343":0,"344":0,"345":0,"346":0,"347":1,"348":1,"349":1,"350":0,"351":0,"352":0,"353":0,"354":0,"355":0,"356":0,"357":0,"358":0,"359":0,"360":0,"361":0,"362":0,"363":0,"364":0,"365":0,"366":1,"367":1,"368":1,"369":0,"370":0,"371":0,"372":0,"373":0,"374":0,"375":0,"376":0,"377":0,"378":0,"379":0,"380":0,"381":0,"382":0,"383":0,"384":0,"385":0,"386":0,"387":0,"388":0,"389":0,"390":0,"391":0,"392":0,"393":0,"394":0,"395":0,"396":0,"397":0,"398":0,"399":0,"400":1,"401":1,"402":1,"403":0,"404":0,"405":0,"406":0,"407":0,"408":0,"409":0,"410":0,"411":0,"412":0,"413":0,"414":0,"415":0,"416":0,"417":0,"418":0,"419":0,"420":0,"421":0,"422":0,"423":0,"424":0,"425":0,"426":0,"427":0,"428":0,"429":0,"430":0,"431":0,"432":0,"433":0,"434":0,"435":0,"436":0,"437":0,"438":0,"439":0,"440":0,"441":0,"442":0,"443":0,"444":0,"445":0,"446":0,"447":0,"448":0,"449":0,"450":0,"451":0,"452":0,"453":0,"454":0,"455":0,"456":0,"457":0,"458":0,"459":0,"460":0,"461":0,"462":0,"463":0,"464":0,"465":0,"466":1,"467":0,"468":0,"469":0,"470":0,"471":0,"472":0,"473":0,"474":0,"475":0,"476":0,"477":1,"478":0,"479":1,"480":0,"481":0,"482":0,"483":0,"484":0,"485":0,"486":1,"487":0,"488":0,"489":0,"490":0,"491":0,"492":0,"493":0,"494":1,"495":0,"496":0,"497":0,"498":0,"499":0,"500":0,"501":0,"502":0,"503":0,"504":0,"505":0,"506":0,"507":0,"508":0,"509":0,"510":0,"511":0,"512":0,"513":0,"514":0,"515":0,"516":0,"517":0,"518":1,"519":0,"520":0,"521":0,"522":0,"523":0,"524":0,"525":0,"526":0,"527":0,"528":0,"529":0,"530":0,"531":0,"532":0,"533":0,"534":0,"535":0,"536":0,"537":0,"538":0,"539":0,"540":0,"541":0,"542":1,"543":0,"544":0,"545":0,"546":0,"547":0,"548":0,"549":0,"550":0,"551":0,"552":0,"553":0,"554":1,"555":0,"556":0,"557":1,"558":0,"559":1,"560":0,"561":0,"562":0,"563":0,"564":0,"565":0,"566":0,"567":0,"568":0,"569":0,"570":0,"571":0,"572":0,"573":0,"574":0,"575":0,"576":0,"577":0,"578":0,"579":0,"580":0,"581":0,"582":0,"583":0,"584":0,"585":0,"586":0,"587":0,"588":0,"589":0,"590":0,"591":0,"592":0,"593":0,"594":0,"595":0,"596":0,"597":0,"598":0,"599":0,"600":0,"601":0,"602":0,"603":0,"604":0,"605":0,"606":0,"607":0,"608":0,"609":0,"610":0,"611":0,"612":0,"613":0,"614":0,"615":0,"616":0,"617":0,"618":0,"619":0,"620":0,"621":0,"622":0,"623":0,"624":0,"625":0,"626":0,"627":0,"628":0,"629":0,"630":0,"631":0,"632":0,"633":0,"634":0,"635":0,"636":0,"637":0,"638":0,"639":0,"640":0,"641":0,"642":0,"643":0,"644":0,"645":0,"646":0,"647":0,"648":0,"649":0,"650":0,"651":0,"652":0,"653":0,"654":0,"655":0,"656":0,"657":0,"658":0,"659":0,"660":0,"661":0,"662":0,"663":0,"664":0,"665":0,"666":0,"667":0,"668":0,"669":0,"670":0,"671":0,"672":1,"673":0,"674":0,"675":1,"676":0,"677":0,"678":0,"679":0,"680":0,"681":0,"682":0,"683":0,"684":0,"685":0,"686":1,"687":0,"688":0,"689":0,"690":0,"691":1,"692":0,"693":1,"694":0,"695":0,"696":0,"697":0,"698":0,"699":0,"700":1,"701":0,"702":0,"703":1,"704":0,"705":0,"706":0,"707":0,"708":0,"709":0,"710":0,"711":0,"712":0,"713":0,"714":0,"715":1,"716":0,"717":0,"718":0,"719":0,"720":0,"721":0,"722":0,"723":0,"724":0,"725":0,"726":0,"727":0,"728":0,"729":0,"730":0,"731":0,"732":0,"733":0,"734":0,"735":0,"736":0,"737":1,"738":0,"739":0,"740":0,"741":0,"742":0,"743":1,"744":0,"745":1,"746":0,"747":0,"748":0,"749":0,"750":0,"751":0,"752":0,"753":0,"754":0,"755":1,"756":0,"757":0,"758":0,"759":0,"760":0,"761":0,"762":1,"763":0,"764":0,"765":1,"766":0,"767":1},"b":{"1":[0,1],"2":[1,0],"3":[1,0],"4":[1,1],"5":[0,1],"6":[0,1],"7":[0,1],"8":[1,1],"9":[1,0],"10":[1,1],"11":[0,1],"12":[0,0],"13":[0,0,0],"14":[0,0],"15":[0,0,0],"16":[0,0],"17":[0,0],"18":[0,0],"19":[0,0],"20":[0,0],"21":[0,0],"22":[0,0],"23":[0,0],"24":[0,0],"25":[0,0],"26":[0,1],"27":[0,1],"28":[0,0],"29":[0,0],"30":[0,0],"31":[0,0],"32":[0,0],"33":[0,0],"34":[0,0],"35":[0,0],"36":[0,0,0],"37":[0,0],"38":[0,0,0],"39":[0,0],"40":[0,0],"41":[0,0],"42":[0,0],"43":[0,0],"44":[0,0],"45":[0,0],"46":[0,0],"47":[0,0],"48":[0,0],"49":[0,0],"50":[0,0],"51":[0,0],"52":[0,0],"53":[0,0],"54":[0,0],"55":[0,0],"56":[0,0],"57":[0,0,0],"58":[0,0],"59":[0,0],"60":[0,0],"61":[0,0],"62":[0,0],"63":[0,0],"64":[0,0],"65":[0,0],"66":[0,0],"67":[0,0],"68":[0,0],"69":[0,0],"70":[0,0],"71":[0,0],"72":[0,0],"73":[0,0],"74":[0,0],"75":[0,0],"76":[0,0],"77":[0,0],"78":[0,0,0,0,0,0,0,0],"79":[0,0],"80":[0,0],"81":[0,0],"82":[0,0],"83":[0,0],"84":[0,0],"85":[0,0],"86":[0,0],"87":[0,0],"88":[0,0],"89":[0,0,0],"90":[0,0],"91":[0,0],"92":[0,0],"93":[0,0],"94":[0,0],"95":[0,0],"96":[0,0,0,0],"97":[0,0],"98":[0,0,0],"99":[0,0],"100":[0,0],"101":[0,0],"102":[0,0],"103":[0,0],"104":[0,0],"105":[0,0],"106":[0,0],"107":[0,0],"108":[0,0],"109":[0,0],"110":[0,0],"111":[0,0],"112":[0,0],"113":[0,0],"114":[0,0],"115":[0,0],"116":[0,0],"117":[0,0],"118":[0,0],"119":[0,0],"120":[0,0],"121":[0,0,0],"122":[0,0],"123":[0,0],"124":[0,0,0],"125":[0,0],"126":[0,0],"127":[0,0],"128":[0,0],"129":[0,0],"130":[0,0],"131":[0,0],"132":[0,0],"133":[0,0],"134":[0,0],"135":[0,0],"136":[0,0],"137":[0,0],"138":[0,0],"139":[0,0],"140":[0,0],"141":[0,0],"142":[0,0],"143":[0,0],"144":[0,0],"145":[0,0],"146":[0,0],"147":[0,0],"148":[0,0],"149":[0,0],"150":[0,0],"151":[0,0],"152":[0,0],"153":[0,0],"154":[0,0],"155":[0,0],"156":[0,0],"157":[0,0],"158":[0,0],"159":[0,0],"160":[0,0],"161":[0,0],"162":[0,0],"163":[0,0],"164":[0,0],"165":[0,0],"166":[0,0,0],"167":[0,0],"168":[0,0],"169":[0,0],"170":[0,0],"171":[0,0],"172":[0,0],"173":[0,0],"174":[0,0],"175":[0,0],"176":[0,0],"177":[0,0],"178":[0,0],"179":[0,0],"180":[0,0],"181":[0,0,0],"182":[0,0],"183":[0,0],"184":[0,0],"185":[0,0],"186":[0,0],"187":[0,0],"188":[0,0],"189":[0,0],"190":[0,0],"191":[0,0],"192":[0,0],"193":[0,0],"194":[0,0],"195":[0,0],"196":[0,0],"197":[0,0,0],"198":[0,0],"199":[0,0],"200":[0,0],"201":[0,0,0],"202":[0,0],"203":[0,0],"204":[0,0],"205":[0,0],"206":[0,0],"207":[0,0],"208":[0,0],"209":[0,0],"210":[0,0],"211":[0,0],"212":[0,0],"213":[0,0],"214":[0,0],"215":[0,0],"216":[0,0],"217":[0,0],"218":[0,0],"219":[0,0],"220":[0,0],"221":[0,0],"222":[0,0,0],"223":[0,0],"224":[0,0],"225":[0,0,0],"226":[0,0],"227":[0,0],"228":[0,0],"229":[0,0],"230":[0,0],"231":[0,0],"232":[0,0],"233":[0,0],"234":[0,0],"235":[0,0],"236":[0,0],"237":[0,0],"238":[0,0],"239":[0,0],"240":[0,0],"241":[0,0],"242":[0,0],"243":[0,0],"244":[0,0],"245":[0,0],"246":[0,0],"247":[0,0],"248":[0,0],"249":[0,0],"250":[0,0],"251":[0,0],"252":[0,0],"253":[0,0],"254":[0,0,0],"255":[0,0],"256":[0,0],"257":[0,0]},"f":{"1":1,"2":1,"3":1,"4":0,"5":0,"6":0,"7":0,"8":0,"9":0,"10":0,"11":0,"12":0,"13":0,"14":0,"15":0,"16":0,"17":0,"18":0,"19":0,"20":0,"21":0,"22":0,"23":0,"24":0,"25":0,"26":0,"27":0,"28":0,"29":0,"30":0,"31":0,"32":0,"33":0,"34":0,"35":0,"36":0,"37":0,"38":0,"39":0,"40":0,"41":0,"42":0,"43":0,"44":0,"45":0,"46":0,"47":0,"48":0,"49":0,"50":0,"51":0,"52":0,"53":0,"54":0,"55":0,"56":0,"57":0,"58":0,"59":0,"60":0,"61":0,"62":0,"63":0,"64":0,"65":0,"66":0,"67":0,"68":0,"69":0,"70":0,"71":0,"72":0,"73":0,"74":0,"75":0,"76":0,"77":0,"78":0,"79":0,"80":0,"81":0,"82":0},"fnMap":{"1":{"name":"(anonymous_1)","line":6,"loc":{"start":{"line":6,"column":1},"end":{"line":7,"column":0}}},"2":{"name":"(anonymous_2)","line":25,"loc":{"start":{"line":25,"column":8},"end":{"line":26,"column":0}}},"3":{"name":"(anonymous_3)","line":29,"loc":{"start":{"line":29,"column":15},"end":{"line":29,"column":27}}},"4":{"name":"(anonymous_4)","line":76,"loc":{"start":{"line":76,"column":15},"end":{"line":77,"column":2}}},"5":{"name":"(anonymous_5)","line":81,"loc":{"start":{"line":81,"column":13},"end":{"line":82,"column":3}}},"6":{"name":"parseNextFile","line":104,"loc":{"start":{"line":104,"column":3},"end":{"line":105,"column":3}}},"7":{"name":"(anonymous_7)","line":143,"loc":{"start":{"line":143,"column":32},"end":{"line":144,"column":4}}},"8":{"name":"error","line":153,"loc":{"start":{"line":153,"column":3},"end":{"line":154,"column":3}}},"9":{"name":"fileComplete","line":159,"loc":{"start":{"line":159,"column":3},"end":{"line":160,"column":3}}},"10":{"name":"(anonymous_10)","line":184,"loc":{"start":{"line":184,"column":49},"end":{"line":184,"column":61}}},"11":{"name":"CsvToJson","line":193,"loc":{"start":{"line":193,"column":1},"end":{"line":194,"column":1}}},"12":{"name":"JsonToCsv","line":245,"loc":{"start":{"line":245,"column":1},"end":{"line":246,"column":1}}},"13":{"name":"unpackConfig","line":307,"loc":{"start":{"line":307,"column":2},"end":{"line":308,"column":2}}},"14":{"name":"objectKeys","line":335,"loc":{"start":{"line":335,"column":2},"end":{"line":336,"column":2}}},"15":{"name":"serialize","line":346,"loc":{"start":{"line":346,"column":2},"end":{"line":347,"column":2}}},"16":{"name":"safe","line":392,"loc":{"start":{"line":392,"column":2},"end":{"line":393,"column":2}}},"17":{"name":"hasAny","line":409,"loc":{"start":{"line":409,"column":2},"end":{"line":410,"column":2}}},"18":{"name":"ChunkStreamer","line":419,"loc":{"start":{"line":419,"column":1},"end":{"line":420,"column":1}}},"19":{"name":"(anonymous_19)","line":438,"loc":{"start":{"line":438,"column":20},"end":{"line":439,"column":2}}},"20":{"name":"(anonymous_20)","line":503,"loc":{"start":{"line":503,"column":20},"end":{"line":504,"column":2}}},"21":{"name":"replaceConfig","line":517,"loc":{"start":{"line":517,"column":2},"end":{"line":518,"column":2}}},"22":{"name":"NetworkStreamer","line":531,"loc":{"start":{"line":531,"column":1},"end":{"line":532,"column":1}}},"23":{"name":"(anonymous_23)","line":542,"loc":{"start":{"line":542,"column":21},"end":{"line":543,"column":3}}},"24":{"name":"(anonymous_24)","line":550,"loc":{"start":{"line":550,"column":21},"end":{"line":551,"column":3}}},"25":{"name":"(anonymous_25)","line":556,"loc":{"start":{"line":556,"column":16},"end":{"line":557,"column":2}}},"26":{"name":"(anonymous_26)","line":562,"loc":{"start":{"line":562,"column":20},"end":{"line":563,"column":2}}},"27":{"name":"(anonymous_27)","line":605,"loc":{"start":{"line":605,"column":22},"end":{"line":606,"column":2}}},"28":{"name":"(anonymous_28)","line":620,"loc":{"start":{"line":620,"column":21},"end":{"line":621,"column":2}}},"29":{"name":"getFileSize","line":626,"loc":{"start":{"line":626,"column":2},"end":{"line":627,"column":2}}},"30":{"name":"FileStreamer","line":639,"loc":{"start":{"line":639,"column":1},"end":{"line":640,"column":1}}},"31":{"name":"(anonymous_31)","line":652,"loc":{"start":{"line":652,"column":16},"end":{"line":653,"column":2}}},"32":{"name":"(anonymous_32)","line":669,"loc":{"start":{"line":669,"column":20},"end":{"line":670,"column":2}}},"33":{"name":"(anonymous_33)","line":675,"loc":{"start":{"line":675,"column":20},"end":{"line":676,"column":2}}},"34":{"name":"(anonymous_34)","line":688,"loc":{"start":{"line":688,"column":22},"end":{"line":689,"column":2}}},"35":{"name":"(anonymous_35)","line":696,"loc":{"start":{"line":696,"column":21},"end":{"line":697,"column":2}}},"36":{"name":"StringStreamer","line":706,"loc":{"start":{"line":706,"column":1},"end":{"line":707,"column":1}}},"37":{"name":"(anonymous_37)","line":713,"loc":{"start":{"line":713,"column":16},"end":{"line":714,"column":2}}},"38":{"name":"(anonymous_38)","line":719,"loc":{"start":{"line":719,"column":20},"end":{"line":720,"column":2}}},"39":{"name":"ReadableStreamStreamer","line":733,"loc":{"start":{"line":733,"column":1},"end":{"line":734,"column":1}}},"40":{"name":"(anonymous_40)","line":742,"loc":{"start":{"line":742,"column":16},"end":{"line":743,"column":2}}},"41":{"name":"(anonymous_41)","line":751,"loc":{"start":{"line":751,"column":20},"end":{"line":752,"column":2}}},"42":{"name":"(anonymous_42)","line":763,"loc":{"start":{"line":763,"column":34},"end":{"line":764,"column":2}}},"43":{"name":"(anonymous_43)","line":781,"loc":{"start":{"line":781,"column":35},"end":{"line":782,"column":2}}},"44":{"name":"(anonymous_44)","line":787,"loc":{"start":{"line":787,"column":33},"end":{"line":788,"column":2}}},"45":{"name":"(anonymous_45)","line":794,"loc":{"start":{"line":794,"column":37},"end":{"line":795,"column":2}}},"46":{"name":"ParserHandle","line":806,"loc":{"start":{"line":806,"column":1},"end":{"line":807,"column":1}}},"47":{"name":"(anonymous_47)","line":828,"loc":{"start":{"line":828,"column":18},"end":{"line":829,"column":3}}},"48":{"name":"(anonymous_48)","line":856,"loc":{"start":{"line":856,"column":15},"end":{"line":857,"column":2}}},"49":{"name":"(anonymous_49)","line":891,"loc":{"start":{"line":891,"column":16},"end":{"line":892,"column":2}}},"50":{"name":"(anonymous_50)","line":896,"loc":{"start":{"line":896,"column":15},"end":{"line":897,"column":2}}},"51":{"name":"(anonymous_51)","line":903,"loc":{"start":{"line":903,"column":16},"end":{"line":904,"column":2}}},"52":{"name":"(anonymous_52)","line":909,"loc":{"start":{"line":909,"column":17},"end":{"line":910,"column":2}}},"53":{"name":"(anonymous_53)","line":914,"loc":{"start":{"line":914,"column":15},"end":{"line":915,"column":2}}},"54":{"name":"processResults","line":924,"loc":{"start":{"line":924,"column":2},"end":{"line":925,"column":2}}},"55":{"name":"needsHeaderRow","line":945,"loc":{"start":{"line":945,"column":2},"end":{"line":946,"column":2}}},"56":{"name":"fillHeaderFields","line":950,"loc":{"start":{"line":950,"column":2},"end":{"line":951,"column":2}}},"57":{"name":"parseDynamic","line":960,"loc":{"start":{"line":960,"column":2},"end":{"line":961,"column":2}}},"58":{"name":"applyHeaderAndDynamicTyping","line":974,"loc":{"start":{"line":974,"column":2},"end":{"line":975,"column":2}}},"59":{"name":"guessDelimiter","line":1018,"loc":{"start":{"line":1018,"column":2},"end":{"line":1019,"column":2}}},"60":{"name":"guessLineEndings","line":1071,"loc":{"start":{"line":1071,"column":2},"end":{"line":1072,"column":2}}},"61":{"name":"tryParseFloat","line":1094,"loc":{"start":{"line":1094,"column":2},"end":{"line":1095,"column":2}}},"62":{"name":"addError","line":1100,"loc":{"start":{"line":1100,"column":2},"end":{"line":1101,"column":2}}},"63":{"name":"Parser","line":1116,"loc":{"start":{"line":1116,"column":1},"end":{"line":1117,"column":1}}},"64":{"name":"(anonymous_64)","line":1150,"loc":{"start":{"line":1150,"column":15},"end":{"line":1151,"column":2}}},"65":{"name":"pushRow","line":1333,"loc":{"start":{"line":1333,"column":3},"end":{"line":1334,"column":3}}},"66":{"name":"finish","line":1343,"loc":{"start":{"line":1343,"column":3},"end":{"line":1344,"column":3}}},"67":{"name":"saveRow","line":1363,"loc":{"start":{"line":1363,"column":3},"end":{"line":1364,"column":3}}},"68":{"name":"returnable","line":1372,"loc":{"start":{"line":1372,"column":3},"end":{"line":1373,"column":3}}},"69":{"name":"doStep","line":1388,"loc":{"start":{"line":1388,"column":3},"end":{"line":1389,"column":3}}},"70":{"name":"(anonymous_70)","line":1396,"loc":{"start":{"line":1396,"column":15},"end":{"line":1397,"column":2}}},"71":{"name":"(anonymous_71)","line":1402,"loc":{"start":{"line":1402,"column":22},"end":{"line":1403,"column":2}}},"72":{"name":"getScriptPath","line":1411,"loc":{"start":{"line":1411,"column":1},"end":{"line":1412,"column":1}}},"73":{"name":"newWorker","line":1417,"loc":{"start":{"line":1417,"column":1},"end":{"line":1418,"column":1}}},"74":{"name":"mainThreadReceivedMessage","line":1437,"loc":{"start":{"line":1437,"column":1},"end":{"line":1438,"column":1}}},"75":{"name":"(anonymous_75)","line":1447,"loc":{"start":{"line":1447,"column":15},"end":{"line":1447,"column":26}}},"76":{"name":"completeWorker","line":1483,"loc":{"start":{"line":1483,"column":1},"end":{"line":1483,"column":44}}},"77":{"name":"notImplemented","line":1491,"loc":{"start":{"line":1491,"column":1},"end":{"line":1491,"column":27}}},"78":{"name":"workerThreadReceivedMessage","line":1496,"loc":{"start":{"line":1496,"column":1},"end":{"line":1497,"column":1}}},"79":{"name":"copy","line":1524,"loc":{"start":{"line":1524,"column":1},"end":{"line":1525,"column":1}}},"80":{"name":"bindFunction","line":1534,"loc":{"start":{"line":1534,"column":1},"end":{"line":1535,"column":1}}},"81":{"name":"(anonymous_81)","line":1536,"loc":{"start":{"line":1536,"column":9},"end":{"line":1536,"column":20}}},"82":{"name":"isFunction","line":1539,"loc":{"start":{"line":1539,"column":1},"end":{"line":1540,"column":1}}}},"statementMap":{"1":{"start":{"line":6,"column":0},"end":{"line":1545,"column":4}},"2":{"start":{"line":8,"column":1},"end":{"line":24,"column":2}},"3":{"start":{"line":11,"column":2},"end":{"line":11,"column":22}},"4":{"start":{"line":13,"column":6},"end":{"line":24,"column":2}},"5":{"start":{"line":18,"column":2},"end":{"line":18,"column":29}},"6":{"start":{"line":23,"column":2},"end":{"line":23,"column":24}},"7":{"start":{"line":29,"column":1},"end":{"line":40,"column":6}},"8":{"start":{"line":34,"column":2},"end":{"line":34,"column":51}},"9":{"start":{"line":34,"column":37},"end":{"line":34,"column":49}},"10":{"start":{"line":35,"column":2},"end":{"line":35,"column":55}},"11":{"start":{"line":35,"column":39},"end":{"line":35,"column":53}},"12":{"start":{"line":36,"column":2},"end":{"line":36,"column":55}},"13":{"start":{"line":36,"column":39},"end":{"line":36,"column":53}},"14":{"start":{"line":39,"column":8},"end":{"line":39,"column":18}},"15":{"start":{"line":43,"column":1},"end":{"line":45,"column":40}},"16":{"start":{"line":46,"column":1},"end":{"line":46,"column":39}},"17":{"start":{"line":48,"column":1},"end":{"line":48,"column":15}},"18":{"start":{"line":50,"column":1},"end":{"line":50,"column":24}},"19":{"start":{"line":51,"column":1},"end":{"line":51,"column":26}},"20":{"start":{"line":53,"column":1},"end":{"line":53,"column":43}},"21":{"start":{"line":54,"column":1},"end":{"line":54,"column":41}},"22":{"start":{"line":55,"column":1},"end":{"line":55,"column":33}},"23":{"start":{"line":56,"column":1},"end":{"line":56,"column":63}},"24":{"start":{"line":57,"column":1},"end":{"line":57,"column":56}},"25":{"start":{"line":58,"column":1},"end":{"line":58,"column":25}},"26":{"start":{"line":61,"column":1},"end":{"line":61,"column":40}},"27":{"start":{"line":62,"column":1},"end":{"line":62,"column":40}},"28":{"start":{"line":63,"column":1},"end":{"line":63,"column":29}},"29":{"start":{"line":66,"column":1},"end":{"line":66,"column":22}},"30":{"start":{"line":67,"column":1},"end":{"line":67,"column":34}},"31":{"start":{"line":68,"column":1},"end":{"line":68,"column":40}},"32":{"start":{"line":69,"column":1},"end":{"line":69,"column":34}},"33":{"start":{"line":70,"column":1},"end":{"line":70,"column":38}},"34":{"start":{"line":71,"column":1},"end":{"line":71,"column":54}},"35":{"start":{"line":73,"column":1},"end":{"line":165,"column":2}},"36":{"start":{"line":75,"column":2},"end":{"line":75,"column":24}},"37":{"start":{"line":76,"column":2},"end":{"line":164,"column":3}},"38":{"start":{"line":78,"column":3},"end":{"line":78,"column":37}},"39":{"start":{"line":79,"column":3},"end":{"line":79,"column":18}},"40":{"start":{"line":81,"column":3},"end":{"line":98,"column":6}},"41":{"start":{"line":83,"column":4},"end":{"line":85,"column":29}},"42":{"start":{"line":87,"column":4},"end":{"line":88,"column":17}},"43":{"start":{"line":88,"column":5},"end":{"line":88,"column":17}},"44":{"start":{"line":90,"column":4},"end":{"line":97,"column":5}},"45":{"start":{"line":92,"column":5},"end":{"line":96,"column":8}},"46":{"start":{"line":100,"column":3},"end":{"line":100,"column":19}},"47":{"start":{"line":101,"column":3},"end":{"line":101,"column":15}},"48":{"start":{"line":104,"column":3},"end":{"line":151,"column":4}},"49":{"start":{"line":106,"column":4},"end":{"line":111,"column":5}},"50":{"start":{"line":108,"column":5},"end":{"line":109,"column":25}},"51":{"start":{"line":109,"column":6},"end":{"line":109,"column":25}},"52":{"start":{"line":110,"column":5},"end":{"line":110,"column":12}},"53":{"start":{"line":113,"column":4},"end":{"line":113,"column":21}},"54":{"start":{"line":115,"column":4},"end":{"line":139,"column":5}},"55":{"start":{"line":117,"column":5},"end":{"line":117,"column":56}},"56":{"start":{"line":119,"column":5},"end":{"line":138,"column":6}},"57":{"start":{"line":121,"column":6},"end":{"line":132,"column":70}},"58":{"start":{"line":123,"column":7},"end":{"line":123,"column":65}},"59":{"start":{"line":124,"column":7},"end":{"line":124,"column":14}},"60":{"start":{"line":126,"column":11},"end":{"line":132,"column":70}},"61":{"start":{"line":128,"column":7},"end":{"line":128,"column":22}},"62":{"start":{"line":129,"column":7},"end":{"line":129,"column":14}},"63":{"start":{"line":131,"column":11},"end":{"line":132,"column":70}},"64":{"start":{"line":132,"column":7},"end":{"line":132,"column":70}},"65":{"start":{"line":134,"column":10},"end":{"line":138,"column":6}},"66":{"start":{"line":136,"column":6},"end":{"line":136,"column":21}},"67":{"start":{"line":137,"column":6},"end":{"line":137,"column":13}},"68":{"start":{"line":142,"column":4},"end":{"line":142,"column":53}},"69":{"start":{"line":143,"column":4},"end":{"line":148,"column":6}},"70":{"start":{"line":145,"column":5},"end":{"line":146,"column":53}},"71":{"start":{"line":146,"column":6},"end":{"line":146,"column":53}},"72":{"start":{"line":147,"column":5},"end":{"line":147,"column":20}},"73":{"start":{"line":150,"column":4},"end":{"line":150,"column":41}},"74":{"start":{"line":153,"column":3},"end":{"line":157,"column":4}},"75":{"start":{"line":155,"column":4},"end":{"line":156,"column":53}},"76":{"start":{"line":156,"column":5},"end":{"line":156,"column":53}},"77":{"start":{"line":159,"column":3},"end":{"line":163,"column":4}},"78":{"start":{"line":161,"column":4},"end":{"line":161,"column":23}},"79":{"start":{"line":162,"column":4},"end":{"line":162,"column":20}},"80":{"start":{"line":168,"column":1},"end":{"line":188,"column":2}},"81":{"start":{"line":170,"column":2},"end":{"line":170,"column":49}},"82":{"start":{"line":172,"column":6},"end":{"line":188,"column":2}},"83":{"start":{"line":174,"column":2},"end":{"line":174,"column":37}},"84":{"start":{"line":177,"column":2},"end":{"line":187,"column":3}},"85":{"start":{"line":180,"column":3},"end":{"line":180,"column":22}},"86":{"start":{"line":184,"column":3},"end":{"line":186,"column":12}},"87":{"start":{"line":185,"column":4},"end":{"line":185,"column":23}},"88":{"start":{"line":193,"column":1},"end":{"line":238,"column":2}},"89":{"start":{"line":195,"column":2},"end":{"line":195,"column":26}},"90":{"start":{"line":196,"column":2},"end":{"line":196,"column":57}},"91":{"start":{"line":198,"column":2},"end":{"line":220,"column":3}},"92":{"start":{"line":200,"column":3},"end":{"line":200,"column":23}},"93":{"start":{"line":202,"column":3},"end":{"line":202,"column":29}},"94":{"start":{"line":203,"column":3},"end":{"line":203,"column":31}},"95":{"start":{"line":204,"column":3},"end":{"line":204,"column":37}},"96":{"start":{"line":205,"column":3},"end":{"line":205,"column":31}},"97":{"start":{"line":207,"column":3},"end":{"line":207,"column":43}},"98":{"start":{"line":208,"column":3},"end":{"line":208,"column":45}},"99":{"start":{"line":209,"column":3},"end":{"line":209,"column":51}},"100":{"start":{"line":210,"column":3},"end":{"line":210,"column":45}},"101":{"start":{"line":211,"column":3},"end":{"line":211,"column":25}},"102":{"start":{"line":213,"column":3},"end":{"line":217,"column":6}},"103":{"start":{"line":219,"column":3},"end":{"line":219,"column":10}},"104":{"start":{"line":222,"column":2},"end":{"line":222,"column":22}},"105":{"start":{"line":223,"column":2},"end":{"line":235,"column":40}},"106":{"start":{"line":225,"column":3},"end":{"line":228,"column":43}},"107":{"start":{"line":226,"column":4},"end":{"line":226,"column":44}},"108":{"start":{"line":228,"column":4},"end":{"line":228,"column":43}},"109":{"start":{"line":230,"column":7},"end":{"line":235,"column":40}},"110":{"start":{"line":232,"column":3},"end":{"line":232,"column":50}},"111":{"start":{"line":234,"column":7},"end":{"line":235,"column":40}},"112":{"start":{"line":235,"column":3},"end":{"line":235,"column":40}},"113":{"start":{"line":237,"column":2},"end":{"line":237,"column":33}},"114":{"start":{"line":245,"column":1},"end":{"line":416,"column":2}},"115":{"start":{"line":247,"column":2},"end":{"line":247,"column":19}},"116":{"start":{"line":248,"column":2},"end":{"line":248,"column":19}},"117":{"start":{"line":253,"column":2},"end":{"line":253,"column":22}},"118":{"start":{"line":256,"column":2},"end":{"line":256,"column":26}},"119":{"start":{"line":259,"column":2},"end":{"line":259,"column":23}},"120":{"start":{"line":262,"column":2},"end":{"line":262,"column":24}},"121":{"start":{"line":265,"column":2},"end":{"line":265,"column":23}},"122":{"start":{"line":267,"column":2},"end":{"line":267,"column":17}},"123":{"start":{"line":269,"column":2},"end":{"line":269,"column":51}},"124":{"start":{"line":271,"column":2},"end":{"line":272,"column":31}},"125":{"start":{"line":272,"column":3},"end":{"line":272,"column":31}},"126":{"start":{"line":274,"column":2},"end":{"line":301,"column":3}},"127":{"start":{"line":276,"column":3},"end":{"line":279,"column":52}},"128":{"start":{"line":277,"column":4},"end":{"line":277,"column":35}},"129":{"start":{"line":278,"column":8},"end":{"line":279,"column":52}},"130":{"start":{"line":279,"column":4},"end":{"line":279,"column":52}},"131":{"start":{"line":281,"column":7},"end":{"line":301,"column":3}},"132":{"start":{"line":283,"column":3},"end":{"line":284,"column":42}},"133":{"start":{"line":284,"column":4},"end":{"line":284,"column":42}},"134":{"start":{"line":286,"column":3},"end":{"line":298,"column":4}},"135":{"start":{"line":288,"column":4},"end":{"line":289,"column":56}},"136":{"start":{"line":289,"column":5},"end":{"line":289,"column":56}},"137":{"start":{"line":291,"column":4},"end":{"line":294,"column":38}},"138":{"start":{"line":292,"column":5},"end":{"line":294,"column":38}},"139":{"start":{"line":296,"column":4},"end":{"line":297,"column":33}},"140":{"start":{"line":297,"column":5},"end":{"line":297,"column":33}},"141":{"start":{"line":300,"column":3},"end":{"line":300,"column":60}},"142":{"start":{"line":304,"column":2},"end":{"line":304,"column":60}},"143":{"start":{"line":307,"column":2},"end":{"line":331,"column":3}},"144":{"start":{"line":309,"column":3},"end":{"line":310,"column":11}},"145":{"start":{"line":310,"column":4},"end":{"line":310,"column":11}},"146":{"start":{"line":312,"column":3},"end":{"line":317,"column":4}},"147":{"start":{"line":316,"column":4},"end":{"line":316,"column":35}},"148":{"start":{"line":319,"column":3},"end":{"line":321,"column":29}},"149":{"start":{"line":321,"column":4},"end":{"line":321,"column":29}},"150":{"start":{"line":323,"column":3},"end":{"line":324,"column":31}},"151":{"start":{"line":324,"column":4},"end":{"line":324,"column":31}},"152":{"start":{"line":326,"column":3},"end":{"line":327,"column":35}},"153":{"start":{"line":327,"column":4},"end":{"line":327,"column":35}},"154":{"start":{"line":329,"column":3},"end":{"line":330,"column":34}},"155":{"start":{"line":330,"column":4},"end":{"line":330,"column":34}},"156":{"start":{"line":335,"column":2},"end":{"line":343,"column":3}},"157":{"start":{"line":337,"column":3},"end":{"line":338,"column":1
[...]
5":0,"1077":0,"1079":0,"1081":0,"1082":0,"1084":0,"1085":0,"1087":0,"1088":0,"1091":0,"1094":1,"1096":0,"1097":0,"1100":1,"1102":0,"1116":1,"1119":0,"1120":0,"1121":0,"1122":0,"1123":0,"1124":0,"1125":0,"1126":0,"1129":0,"1131":0,"1134":0,"1135":0,"1136":0,"1137":0,"1138":0,"1140":0,"1143":0,"1144":0,"1147":0,"1148":0,"1150":0,"1153":0,"1154":0,"1158":0,"1162":0,"1165":0,"1166":0,"1168":0,"1169":0,"1171":0,"1173":0,"1174":0,"1176":0,"1177":0,"1178":0,"1179":0,"1180":0,"1181":0,"1182":0,"1183":0,"1184":0,"1186":0,"1187":0,"1188":0,"1189":0,"1190":0,"1193":0,"1194":0,"1196":0,"1197":0,"1200":0,"1203":0,"1204":0,"1205":0,"1208":0,"1211":0,"1214":0,"1217":0,"1219":0,"1222":0,"1224":0,"1226":0,"1228":0,"1236":0,"1239":0,"1242":0,"1243":0,"1247":0,"1249":0,"1250":0,"1253":0,"1256":0,"1257":0,"1258":0,"1259":0,"1260":0,"1263":0,"1266":0,"1267":0,"1268":0,"1270":0,"1272":0,"1273":0,"1274":0,"1277":0,"1278":0,"1280":0,"1284":0,"1288":0,"1290":0,"1291":0,"1292":0,"1293":0,"1294":0,"1295":0,"1299":0,"1301":0,"1302":0,"1303":0,"1304":0,"1308":0,"1310":0,"1311":0,"1313":0,"1315":0,"1316":0,"1317":0,"1320":0,"1321":0,"1323":0,"1326":0,"1330":0,"1333":1,"1335":0,"1336":0,"1343":1,"1345":0,"1346":0,"1347":0,"1348":0,"1349":0,"1350":0,"1351":0,"1352":0,"1353":0,"1354":0,"1363":1,"1365":0,"1366":0,"1367":0,"1368":0,"1372":1,"1374":0,"1388":1,"1390":0,"1391":0,"1396":0,"1398":0,"1402":0,"1404":0,"1411":1,"1413":0,"1414":0,"1417":1,"1419":0,"1420":0,"1421":0,"1422":0,"1426":0,"1428":0,"1429":0,"1430":0,"1431":0,"1432":0,"1433":0,"1437":1,"1439":0,"1440":0,"1441":0,"1443":0,"1444":0,"1445":0,"1447":0,"1448":0,"1449":0,"1452":0,"1458":0,"1460":0,"1462":0,"1467":0,"1468":0,"1470":0,"1472":0,"1474":0,"1475":0,"1479":0,"1480":0,"1483":1,"1484":0,"1485":0,"1486":0,"1487":0,"1488":0,"1491":1,"1492":0,"1496":1,"1498":0,"1500":0,"1501":0,"1503":0,"1505":0,"1511":0,"1513":0,"1514":0,"1515":0,"1524":1,"1526":0,"1527":0,"1528":0,"1529":0,"1530":0,"1531":0,"1534":1,"1536":0,"1539":1,"1541":0,"1544":1}},"/home/travis/build/npmtest/node-npmtest-papaparse/node_modules/papaparse/Gruntfile.js":{"path":"/home/travis/build/npmtest/node-npmtest-papaparse/node_modules/papaparse/Gruntfile.js","s":{"1":1,"2":0,"3":0,"4":0,"5":0},"b":{},"f":{"1":0},"fnMap":{"1":{"name":"(anonymous_1)","line":1,"loc":{"start":{"line":1,"column":17},"end":{"line":1,"column":33}}}},"statementMap":{"1":{"start":{"line":1,"column":0},"end":{"line":19,"column":1}},"2":{"start":{"line":2,"column":1},"end":{"line":13,"column":4}},"3":{"start":{"line":15,"column":1},"end":{"line":15,"column":44}},"4":{"start":{"line":17,"column":1},"end":{"line":17,"column":41}},"5":{"start":{"line":18,"column":1},"end":{"line":18,"column":43}}},"branchMap":{},"code":["module.exports = function(grunt) {","\tgrunt.initConfig({","\t\tuglify: {","\t\t\toptions: {","\t\t\t\tpreserveComments: 'some',","\t\t\t},","\t\t\tmin: {","\t\t\t\tfiles: {","\t\t\t\t\t'papaparse.min.js': ['papaparse.js']","\t\t\t\t},","\t\t\t},","\t\t},","\t});","","\tgrunt.loadNpmTasks('grunt-contrib-uglify');","","\tgrunt.registerTask('build', ['uglify']);","\tgrunt.registerTask('default', ['uglify']);","}",""],"l":{"1":1,"2":0,"15":0,"17":0,"18":0}},"/home/travis/build/npmtest/node-npmtest-papaparse/node_modules/papaparse/player/player.js":{"path":"/home/travis/build/npmtest/node-npmtest-papaparse/node_modules/papaparse/player/player.js","s":{"1":2,"2":2,"3":2,"4":2,"5":2,"6":2,"7":0,"8":0,"9":0,"10":0,"11":0,"12":0,"13":0,"14":0,"15":0,"16":0,"17":0,"18":0,"19":0,"20":0,"21":0,"22":0,"23":0,"24":0,"25":0,"26":0,"27":0,"28":0,"29":0,"30":0,"31":0,"32":0,"33":0,"34":0,"35":0,"36":0,"37":0,"38":0,"39":0,"40":0,"41":0,"42":0,"43":0,"44":0,"45":1,"46":0,"47":1,"48":0,"49":0,"50":0,"51":0,"52":0,"53":0,"54":0,"55":1,"56":0,"57":0,"58":0,"59":0,"60":0,"61":0,"62":0,"63":0,"64":0,"65":1,"66":0,"67":0,"68":0,"69":0,"70":0,"71":0,"72":0,"73":0,"74":0,"75":0,"76":0,"77":1,"78":0,"79":1,"80":0,"81":0,"82":0,"83":0,"84":0},"b":{"1":[0,0],"2":[0,0],"3":[0,0],"4":[0,0],"5":[0,0],"6":[0,0],"7":[0,0],"8":[0,0],"9":[0,0],"10":[0,0],"11":[0,0],"12":[0,0],"13":[0,0],"14":[0,0],"15":[0,0],"16":[0,0],"17":[0,0],"18":[0,0],"19":[0,0,0,0]},"f":{"1":0,"2":0,"3":0,"4":0,"5":0,"6":0,"7":0,"8":0,"9":0,"10":0,"11":0,"12":0},"fnMap":{"1":{"name":"(anonymous_1)","line":7,"loc":{"start":{"line":7,"column":2},"end":{"line":8,"column":0}}},"2":{"name":"(anonymous_2)","line":9,"loc":{"start":{"line":9,"column":26},"end":{"line":10,"column":1}}},"3":{"name":"(anonymous_3)","line":49,"loc":{"start":{"line":49,"column":12},"end":{"line":50,"column":4}}},"4":{"name":"(anonymous_4)","line":53,"loc":{"start":{"line":53,"column":14},"end":{"line":54,"column":4}}},"5":{"name":"(anonymous_5)","line":67,"loc":{"start":{"line":67,"column":28},"end":{"line":68,"column":1}}},"6":{"name":"(anonymous_6)","line":82,"loc":{"start":{"line":82,"column":24},"end":{"line":83,"column":1}}},"7":{"name":"buildConfig","line":90,"loc":{"start":{"line":90,"column":0},"end":{"line":91,"column":0}}},"8":{"name":"getLineEnding","line":111,"loc":{"start":{"line":111,"column":1},"end":{"line":112,"column":1}}},"9":{"name":"stepFn","line":124,"loc":{"start":{"line":124,"column":0},"end":{"line":125,"column":0}}},"10":{"name":"chunkFn","line":142,"loc":{"start":{"line":142,"column":0},"end":{"line":143,"column":0}}},"11":{"name":"errorFn","line":162,"loc":{"start":{"line":162,"column":0},"end":{"line":163,"column":0}}},"12":{"name":"completeFn","line":167,"loc":{"start":{"line":167,"column":0},"end":{"line":168,"column":0}}}},"statementMap":{"1":{"start":{"line":1,"column":0},"end":{"line":1,"column":38}},"2":{"start":{"line":2,"column":0},"end":{"line":2,"column":15}},"3":{"start":{"line":3,"column":0},"end":{"line":3,"column":11}},"4":{"start":{"line":4,"column":0},"end":{"line":4,"column":25}},"5":{"start":{"line":5,"column":0},"end":{"line":5,"column":29}},"6":{"start":{"line":7,"column":0},"end":{"line":86,"column":3}},"7":{"start":{"line":9,"column":1},"end":{"line":65,"column":4}},"8":{"start":{"line":11,"column":2},"end":{"line":11,"column":14}},"9":{"start":{"line":12,"column":2},"end":{"line":12,"column":13}},"10":{"start":{"line":13,"column":2},"end":{"line":13,"column":11}},"11":{"start":{"line":15,"column":2},"end":{"line":15,"column":30}},"12":{"start":{"line":16,"column":2},"end":{"line":16,"column":50}},"13":{"start":{"line":17,"column":2},"end":{"line":17,"column":52}},"14":{"start":{"line":18,"column":2},"end":{"line":18,"column":35}},"15":{"start":{"line":19,"column":2},"end":{"line":19,"column":29}},"16":{"start":{"line":22,"column":2},"end":{"line":23,"column":40}},"17":{"start":{"line":23,"column":3},"end":{"line":23,"column":40}},"18":{"start":{"line":24,"column":2},"end":{"line":25,"column":42}},"19":{"start":{"line":25,"column":3},"end":{"line":25,"column":42}},"20":{"start":{"line":27,"column":2},"end":{"line":27,"column":50}},"21":{"start":{"line":28,"column":2},"end":{"line":28,"column":55}},"22":{"start":{"line":31,"column":2},"end":{"line":64,"column":3}},"23":{"start":{"line":33,"column":3},"end":{"line":43,"column":4}},"24":{"start":{"line":35,"column":4},"end":{"line":42,"column":5}},"25":{"start":{"line":37,"column":5},"end":{"line":41,"column":6}},"26":{"start":{"line":39,"column":6},"end":{"line":39,"column":141}},"27":{"start":{"line":40,"column":6},"end":{"line":40,"column":13}},"28":{"start":{"line":45,"column":3},"end":{"line":45,"column":29}},"29":{"start":{"line":47,"column":3},"end":{"line":57,"column":6}},"30":{"start":{"line":51,"column":5},"end":{"line":51,"column":40}},"31":{"start":{"line":55,"column":5},"end":{"line":55,"column":41}},"32":{"start":{"line":61,"column":3},"end":{"line":61,"column":29}},"33":{"start":{"line":62,"column":3},"end":{"line":62,"column":41}},"34":{"start":{"line":63,"column":3},"end":{"line":63,"column":54}},"35":{"start":{"line":67,"column":1},"end":{"line":80,"column":4}},"36":{"start":{"line":69,"column":2},"end":{"line":69,"column":32}},"37":{"start":{"line":70,"column":2},"end":{"line":70,"column":36}},"38":{"start":{"line":72,"column":2},"end":{"line":74,"column":5}},"39":{"start":{"line":76,"column":2},"end":{"line":76,"column":35}},"40":{"start":{"line":77,"column":2},"end":{"line":77,"column":56}},"41":{"start":{"line":78,"column":2},"end":{"line":78,"column":23}},"42":{"start":{"line":79,"column":2},"end":{"line":79,"column":56}},"43":{"start":{"line":82,"column":1},"end":{"line":85,"column":4}},"44":{"start":{"line":84,"column":2},"end":{"line":84,"column":28}},"45":{"start":{"line":90,"column":0},"end":{"line":122,"column":1}},"46":{"start":{"line":92,"column":1},"end":{"line":109,"column":3}},"47":{"start":{"line":111,"column":1},"end":{"line":121,"column":2}},"48":{"start":{"line":113,"column":2},"end":{"line":120,"column":13}},"49":{"start":{"line":114,"column":3},"end":{"line":114,"column":15}},"50":{"start":{"line":115,"column":7},"end":{"line":120,"column":13}},"51":{"start":{"line":116,"column":3},"end":{"line":116,"column":15}},"52":{"start":{"line":117,"column":7},"end":{"line":120,"column":13}},"53":{"start":{"line":118,"column":3},"end":{"line":118,"column":17}},"54":{"start":{"line":120,"column":3},"end":{"line":120,"column":13}},"55":{"start":{"line":124,"column":0},"end":{"line":140,"column":1}},"56":{"start":{"line":126,"column":1},"end":{"line":126,"column":11}},"57":{"start":{"line":127,"column":1},"end":{"line":127,"column":29}},"58":{"start":{"line":129,"column":1},"end":{"line":129,"column":23}},"59":{"start":{"line":131,"column":1},"end":{"line":136,"column":2}},"60":{"start":{"line":133,"column":2},"end":{"line":133,"column":40}},"61":{"start":{"line":134,"column":2},"end":{"line":134,"column":23}},"62":{"start":{"line":135,"column":2},"end":{"line":135,"column":9}},"63":{"start":{"line":138,"column":1},"end":{"line":139,"column":40}},"64":{"start":{"line":139,"column":2},"end":{"line":139,"column":40}},"65":{"start":{"line":142,"column":0},"end":{"line":160,"column":1}},"66":{"start":{"line":144,"column":1},"end":{"line":145,"column":9}},"67":{"start":{"line":145,"column":2},"end":{"line":145,"column":9}},"68":{"start":{"line":146,"column":1},"end":{"line":146,"column":10}},"69":{"start":{"line":147,"column":1},"end":{"line":147,"column":29}},"70":{"start":{"line":149,"column":1},"end":{"line":149,"column":19}},"71":{"start":{"line":151,"column":1},"end":{"line":152,"column":59}},"72":{"start":{"line":152,"column":2},"end":{"line":152,"column":59}},"73":{"start":{"line":154,"column":1},"end":{"line":159,"column":2}},"74":{"start":{"line":156,"column":2},"end":{"line":156,"column":81}},"75":{"start":{"line":157,"column":2},"end":{"line":157,"column":19}},"76":{"start":{"line":158,"column":2},"end":{"line":158,"column":9}},"77":{"start":{"line":162,"column":0},"end":{"line":165,"column":1}},"78":{"start":{"line":164,"column":1},"end":{"line":164,"column":36}},"79":{"start":{"line":167,"column":0},"end":{"line":178,"column":1}},"80":{"start":{"line":169,"column":1},"end":{"line":169,"column":25}},"81":{"start":{"line":170,"column":1},"end":{"line":174,"column":34}},"82":{"start":{"line":174,"column":2},"end":{"line":174,"column":34}},"83":{"start":{"line":176,"column":1},"end":{"line":176,"column":68}},"84":{"start":{"line":177,"column":1},"end":{"line":177,"column":68}}},"branchMap":{"1":{"line":22,"type":"if","locations":[{"start":{"line":22,"column":2},"end":{"line":22,"column":2}},{"start":{"line":22,"column":2},"end":{"line":22,"column":2}}]},"2":{"line":24,"type":"if","locations":[{"start":{"line":24,"column":2},"end":{"line":24,"column":2}},{"start":{"line":24,"column":2},"end":{"line":24,"column":2}}]},"3":{"line":31,"type":"if","locations":[{"start":{"line":31,"column":2},"end":{"line":31,"column":2}},{"start":{"line":31,"column":2},"end":{"line":31,"column":2}}]},"4":{"line":33,"type":"if","locations":[{"start":{"line":33,"column":3},"end":{"line":33,"column":3}},{"start":{"line":33,"column":3},"end":{"line":33,"column":3}}]},"5":{"line":33,"type":"binary-expr","locations":[{"start":{"line":33,"column":7},"end":{"line":33,"column":36}},{"start":{"line":33,"column":40},"end":{"line":33,"column":68}}]},"6":{"line":37,"type":"if","locations":[{"start":{"line":37,"column":5},"end":{"line":37,"column":5}},{"start":{"line":37,"column":5},"end":{"line":37,"column":5}}]},"7":{"line":97,"type":"binary-expr","locations":[{"start":{"line":97,"column":20},"end":{"line":97,"column":39}},{"start":{"line":97,"column":43},"end":{"line":97,"column":44}}]},"8":{"line":98,"type":"cond-expr","locations":[{"start":{"line":98,"column":39},"end":{"line":98,"column":45}},{"start":{"line":98,"column":48},"end":{"line":98,"column":57}}]},"9":{"line":107,"type":"cond-expr","locations":[{"start":{"line":107,"column":39},"end":{"line":107,"column":46}},{"start":{"line":107,"column":49},"end":{"line":107,"column":58}}]},"10":{"line":113,"type":"if","locations":[{"start":{"line":113,"column":2},"end":{"line":113,"column":2}},{"start":{"line":113,"column":2},"end":{"line":113,"column":2}}]},"11":{"line":115,"type":"if","locations":[{"start":{"line":115,"column":7},"end":{"line":115,"column":7}},{"start":{"line":115,"column":7},"end":{"line":115,"column":7}}]},"12":{"line":117,"type":"if","locations":[{"start":{"line":117,"column":7},"end":{"line":117,"column":7}},{"start":{"line":117,"column":7},"end":{"line":117,"column":7}}]},"13":{"line":131,"type":"if","locations":[{"start":{"line":131,"column":1},"end":{"line":131,"column":1}},{"start":{"line":131,"column":1},"end":{"line":131,"column":1}}]},"14":{"line":138,"type":"if","locations":[{"start":{"line":138,"column":1},"end":{"line":138,"column":1}},{"start":{"line":138,"column":1},"end":{"line":138,"column":1}}]},"15":{"line":144,"type":"if","locations":[{"start":{"line":144,"column":1},"end":{"line":144,"column":1}},{"start":{"line":144,"column":1},"end":{"line":144,"column":1}}]},"16":{"line":151,"type":"if","locations":[{"start":{"line":151,"column":1},"end":{"line":151,"column":1}},{"start":{"line":151,"column":1},"end":{"line":151,"column":1}}]},"17":{"line":154,"type":"if","locations":[{"start":{"line":154,"column":1},"end":{"line":154,"column":1}},{"start":{"line":154,"column":1},"end":{"line":154,"column":1}}]},"18":{"line":170,"type":"if","locations":[{"start":{"line":170,"column":1},"end":{"line":170,"column":1}},{"start":{"line":170,"column":1},"end":{"line":170,"column":1}}]},"19":{"line":170,"type":"binary-expr","locations":[{"start":{"line":170,"column":5},"end":{"line":170,"column":34}},{"start":{"line":171,"column":6},"end":{"line":171,"column":34}},{"start":{"line":172,"column":6},"end":{"line":172,"column":18}},{"start":{"line":173,"column":6},"end":{"line":173,"column":23}}]}},"code":["var stepped = 0, chunks = 0, rows = 0;","var start, end;","var parser;","var pauseChecked = false;","var printStepChecked = false;","","$(function()","{","\t$('#submit-parse').click(function()","\t{","\t\tstepped = 0;","\t\tchunks = 0;","\t\trows = 0;","","\t\tvar txt = $('#input').val();","\t\tvar localChunkSize = $('#localChunkSize').val();","\t\tvar remoteChunkSize = $('#remoteChunkSize').val();","\t\tvar files = $('#files')[0].files;","\t\tvar config = buildConfig();","","\t\t// NOTE: Chunk size does not get reset if changed and then set back to empty/default value","\t\tif (localChunkSize)","\t\t\tPapa.LocalChunkSize = localChunkSize;","\t\tif (remoteChunkSize)","\t\t\tPapa.RemoteChunkSize = remoteChunkSize;","","\t\tpauseChecked = $('#step-pause').prop('checked');","\t\tprintStepChecked = $('#print-steps').prop('checked');","","","\t\tif (files.length > 0)","\t\t{","\t\t\tif (!$('#stream').prop('checked') && !$('#chunk').prop('checked'))","\t\t\t{","\t\t\t\tfor (var i = 0; i < files.length; i++)","\t\t\t\t{","\t\t\t\t\tif (files[i].size > 1024 * 1024 * 10)","\t\t\t\t\t{","\t\t\t\t\t\talert(\"A file you've selected is larger than 10 MB; please choose to stream or chunk the input to prevent the browser from crashing.\");","\t\t\t\t\t\treturn;","\t\t\t\t\t}","\t\t\t\t}","\t\t\t}","","\t\t\tstart = performance.now();","\t\t\t","\t\t\t$('#files').parse({","\t\t\t\tconfig: config,","\t\t\t\tbefore: function(file, inputElem)","\t\t\t\t{","\t\t\t\t\tconsole.log(\"Parsing file:\", file);","\t\t\t\t},","\t\t\t\tcomplete: function()","\t\t\t\t{","\t\t\t\t\tconsole.log(\"Done with all files.\");","\t\t\t\t}","\t\t\t});","\t\t}","\t\telse","\t\t{","\t\t\tstart = performance.now();","\t\t\tvar results = Papa.parse(txt, config);","\t\t\tconsole.log(\"Synchronous parse results:\", results);","\t\t}","\t});","","\t$('#submit-unparse').click(function()","\t{","\t\tvar input = $('#input').val();","\t\tvar delim = $('#delimiter').val();","","\t\tvar results = Papa.unparse(input, {","\t\t\tdelimiter: delim","\t\t});","","\t\tconsole.log(\"Unparse complete!\");","\t\tconsole.log(\"--------------------------------------\");","\t\tconsole.log(results);","\t\tconsole.log(\"--------------------------------------\");","\t});","","\t$('#insert-tab').click(function()","\t{","\t\t$('#delimiter').val('\\t');","\t});","});","","","","function buildConfig()","{","\treturn {","\t\tdelimiter: $('#delimiter').val(),","\t\tnewline: getLineEnding(),","\t\theader: $('#header').prop('checked'),","\t\tdynamicTyping: $('#dynamicTyping').prop('checked'),","\t\tpreview: parseInt($('#preview').val() || 0),","\t\tstep: $('#stream').prop('checked') ? stepFn : undefined,","\t\tencoding: $('#encoding').val(),","\t\tworker: $('#worker').prop('checked'),","\t\tcomments: $('#comments').val(),","\t\tcomplete: completeFn,","\t\terror: errorFn,","\t\tdownload: $('#download').prop('checked'),","\t\tfastMode: $('#fastmode').prop('checked'),","\t\tskipEmptyLines: $('#skipEmptyLines').prop('checked'),","\t\tchunk: $('#chunk').prop('checked') ? chunkFn : undefined,","\t\tbeforeFirstChunk: undefined,","\t};","","\tfunction getLineEnding()","\t{","\t\tif ($('#newline-n').is(':checked'))","\t\t\treturn \"\\n\";","\t\telse if ($('#newline-r').is(':checked'))","\t\t\treturn \"\\r\";","\t\telse if ($('#newline-rn').is(':checked'))","\t\t\treturn \"\\r\\n\";","\t\telse","\t\t\treturn \"\";","\t}","}","","function stepFn(results, parserHandle)","{","\tstepped++;","\trows += results.data.length;","","\tparser = parserHandle;","\t","\tif (pauseChecked)","\t{","\t\tconsole.log(results, results.data[0]);","\t\tparserHandle.pause();","\t\treturn;","\t}","\t","\tif (printStepChecked)","\t\tconsole.log(results, results.data[0]);","}","","function chunkFn(results, streamer, file)","{","\tif (!results)","\t\treturn;","\tchunks++;","\trows += results.data.length;","","\tparser = streamer;","","\tif (printStepChecked)","\t\tconsole.log(\"Chunk data:\", results.data.length, results);","","\tif (pauseChecked)","\t{","\t\tconsole.log(\"Pausing; \" + results.data.length + \" rows in chunk; file:\", file);","\t\tstreamer.pause();","\t\treturn;","\t}","}","","function errorFn(error, file)","{","\tconsole.log(\"ERROR:\", error, file);","}","","function completeFn()","{","\tend = performance.now();","\tif (!$('#stream').prop('checked')","\t\t\t&& !$('#chunk').prop('checked')","\t\t\t&& arguments[0]","\t\t\t&& arguments[0].data)","\t\trows = arguments[0].data.length;","\t","\tconsole.log(\"Finished input (async). Time:\", end-start, arguments);","\tconsole.log(\"Rows:\", rows, \"Stepped:\", stepped, \"Chunks:\", chunks);","}"],"l":{"1":2,"2":2,"3":2,"4":2,"5":2,"7":2,"9":0,"11":0,"12":0,"13":0,"15":0,"16":0,"17":0,"18":0,"19":0,"22":0,"23":0,"24":0,"25":0,"27":0,"28":0,"31":0,"33":0,"35":0,"37":0,"39":0,"40":0,"45":0,"47":0,"51":0,"55":0,"61":0,"62":0,"63":0,"67":0,"69":0,"70":0,"72":0,"76":0,"77":0,"78":0,"79":0,"82":0,"84":0,"90":1,"92":0,"111":1,"113":0,"114":0,"115":0,"116":0,"117":0,"118":0,"120":0,"124":1,"126":0,"127":0,"129":0,"131":0,"133":0,"134":0,"135":0,"138":0,"139":0,"142":1,"144":0,"145":0,"146":0,"147":0,"149":0,"151":0,"152":0,"154":0,"156":0,"157":0,"158":0,"162":1,"164":0,"167":1,"169":0,"170":0,"174":0,"176":0,"177":0}}}